:4?:>9?0005008:$

?4004082811<$?1004072291:$
?30040>31=17$

?1004072291:$
?4004082811<$?30040>31=17$

?4004082811<$
?30040>31=17$?:8?169?0005008=$

?:8?169?0005008=$?:8?169?0005008=$

?:8?169?0005008=$?:8?169?0005008=$

?:8?169?0005008=$
?:8?069?0005008<$?:8?069?0005008<$

?:8?069?0005008<$?:8?069?0005008<$

?:8?069?0005008<$?:8?069?0005008<$

?:8?069?0005008<$
?:8?069?0005008<$?:8?069?0005008<$
?:8?069?0005008<$
?:8?069?0005008<$

?:8?069?0005008<$
?:8?069?0005008<$?:8?069?0005008<$

?:8?069?0005008<$?:8?069?0005008<$

?:8?069?0005008<$
?:8?069?0005008<$?:8?069?0005008<$

?:8?069?0005008<$?:8?069?0005008<$

?:8?069?0005008<$
?:8?069?0005008<$?:8?069?0005008<$

?:8?069?0005008<$?:8?069?0005008<$

?:8?069?0005008<$
?:7?069?0005008;$?:7?069?0005008;$

?:7?069?0005008;$?:7?069?0005008;$

?:7?069?0005008;$?:7?069?0005008;$

?:7?069?0005008;$
?:7?069?0005008;$?:7?069?0005008;$
?:7?069?0005008;$

?:7?069?0005008;$
?:7?069?0005008;$?:7?069?0005008;$
?:7?069?0005008;$

?:7?069?0005008;$?:7?069?0005008;$

?:7?069?0005008;$
?:7?069?0005008;$?:7?069?0005008;$

?:7?069?0005008;$?:7?069?0005008;$
?:7?069?0005008;$

?:7?069?0005008;$?:7?069?0005008;$

?:7?069?0005008;$
?:7?069?0005008;$?:7?069?0005008;$

?:7?069?0005008;$?:7?069?0005008;$

?:7?069?0005008;$
?:7?069?0005008;$?:7?069?0005008;$

?:7?069?0005008;$
?:7?069?0005008;$?:7?069?0005008;$

?:7?069?0005008;$?:7?068?0005008:$

?:7?068?0005008:$?:7?068?0005008:$

?:7?068?0005008:$?:7?068?0005008:$

?:7?068?0005008:$?:7?068?0005008:$

?:7?068?0005008:$
?:7?068?0005008:$?:7?068?0005008:$

?:7?068?0005008:$
?:7?058?00050089$?:7?058?00050089$

?:7?058?00050089$?:7?058?00050089$

?:7?058?00050089$
?:7?058?00050089$?:7?058?00050089$

?:7?058?00050089$
?:7?058?00050089$?:7?058?00050089$

?:7?058?00050089$?:7?058?00050089$

?:7?058?00050089$
?:7?058?00050089$?:7?058?00050089$

?:7?058?00050089$
?:7?058?00050089$?:7?058?00050089$

?:7?058?00050089$
?:7?058?00050089$?:7?058?00050089$

?:7?058?00050089$
?:7?058?00050089$?:7?058?00050089$
?:7?058?00050089$

?:7?058?00050089$
?:7?058?00050089$?:7?058?00050089$
?:7?058?00050089$

?:7?058?00050089$
?:7?058?00050089$?:7?058?00050089$

?:7?058?00050089$?:7?058?00050089$
?50040:75:1:$

?:7?058?00050089$
?:7?058?00050089$?:7?058?00050089$

?:7?058?00050089$?:7?058?00050089$

?:7?058?00050089$
?:7?058?00050089$?:7?058?00050089$

?:7?058?00050089$
?:7?058?00050089$?:7?058?00050089$

?:7?058?00050089$?:7?058?00050089$

?:7?058?00050089$
?:7?058?00050089$?:7?058?00050089$
?:7?058?00050089$
?:7?058?00050089$

?:7?058?00050089$?:7?058?00050089$

?:7?058?00050089$
?:7?058?00050089$?:7?058?00050089$

?:7?058?00050089$?:7?058?00050089$

?:7?058?00050089$
?:7?058?00050089$?:7?058?00050089$

?:7?058?00050089$?:7?058?00050089$

?:7?058?00050089$
?:7?058?00050089$?:7?058?00050089$

?:7?058?00050089$?:7?058?00050089$
?:7?058?00050089$

?:7?058?00050089$
?:7?058?00050089$?:7?058?00050089$

?:7?058?00050089$?:7?058?00050089$
?:7?058?00050089$

?:7?058?00050089$?:7?058?00050089$
?:7?058?00050089$

?:7?048?00050088$
?:7?048?00050088$
?:7?048?00050088$?:7?048?00050088$

?:7?048?00050088$?:7?048?00050088$

?40040=82212$
?:7?048?00050088$?:7?048?00050088$

?:7?048?00050088$?:7?048?00050088$

?:7?048?00050088$?:7?048?00050088$

?:7?048?00050088$
?:7?048?00050088$?:7?048?00050088$

?:7?048?00050088$
?:7?048?00050088$?:7?048?00050088$

?:7?048?00050088$
?:7?048?00050088$?:7?048?00050088$

?:6?048?00050087$?:6?048?00050087$
?:6?048?00050087$

?:6?047?00050086$?:6?047?00050086$

?:6?047?00050086$?:6?047?00050086$

?:6?047?00050086$
?:6?047?00050086$?:6?047?00050086$

?:6?047?00050086$?:6?047?00050086$

?:6?047?00050086$
?:6?047?00050086$?:6?047?00050086$

?:6?047?00050086$?:6?047?00050086$
?:6?047?00050086$

?:6?047?00050086$?:6?047?00050086$

?:6?047?00050086$?:6?047?00050086$
?:6?047?00050086$

?:6?047?00050086$?:6?047?00050086$

?:6?047?00050086$?:6?047?00050086$

?:6?047?00050086$
?:6?047?00050086$?:6?047?00050086$

?:6?047?00050086$?:6?047?00050086$

?:6?047?00050086$
?:6?047?00050086$?:6?047?00050086$

?:6?047?00050086$?:6?047?00050086$

?:6?047?00050086$
?:6?047?00050086$?:6?047?00050086$

?:6?047?00050086$?:6?047?00050086$

?:6?047?00050086$
?:6?047?00050086$?:6?047?00050086$

?:6?047?00050086$?:6?047?00050086$

?:6?047?00050086$?:6?047?00050086$

?:6?047?00050086$?:6?047?00050086$

?:6?047?00050086$?:6?047?00050086$

?:6?047?00050086$
?:6?047?00050086$?100405:2219$

?:6?047?00050086$?:6?047?00050086$

?:6?047?00050086$?:6?047?00050086$
?:6?047?00050086$

?:6?047?00050086$?:6?047?00050086$

?:5?047?00050085$?:5?047?00050085$

?:5?047?00050085$?:5?047?00050085$
?:5?047?00050085$

?:5?047?00050085$?:5?047?00050085$

?:5?047?00050085$?:5?047?00050085$
?:5?047?00050085$

?:5?047?00050085$?:5?047?00050085$

?:5?047?00050085$
?:5?047?00050085$?:5?047?00050085$

?:5?047?00050085$?:5?047?00050085$
?:5?047?00050085$

?:5?047?00050085$?:5?037?00050084$

?:5?037?00050084$
?:5?037?00050084$?:5?037?00050084$
?:5?037?00050084$

?:5?037?00050084$?:5?037?00050084$

?:5?037?00050084$
?:5?037?00050084$?:5?037?00050084$

?:5?037?00050084$?:5?037?00050084$

?:5?037?00050084$?:5?037?00050084$

?:5?037?00050084$
?:5?037?00050084$?:5?037?00050084$

?:5?036?00050083$
?:5?036?00050083$?500405;1<17$

?:5?036?00050083$?:5?036?00050083$

?:5?036?00050083$?:5?036?00050083$

?:5?036?00050083$?:5?036?00050083$

?:5?036?00050083$?:5?036?00050083$

?:5?036?00050083$
?:5?036?00050083$?:5?036?00050083$

?:5?036?00050083$?:5?036?00050083$
?:5?036?00050083$

?:5?036?00050083$?:5?036?00050083$

?:5?036?00050083$?:5?036?00050083$

?:5?036?00050083$?:5?036?00050083$

?:5?036?00050083$?:5?036?00050083$

?:5?036?00050083$
?:5?036?00050083$?:5?036?00050083$

?:5?036?00050083$?:5?036?00050083$

?:5?036?00050083$
?:5?036?00050083$?:5?036?00050083$

?:5?036?00050083$
?:5?036?00050083$?:5?036?00050083$

?:4?036?00050082$
?:4?036?00050082$?:4?036?00050082$
?:4?036?00050082$

?:4?036?00050082$
?:4?036?00050082$?:4?036?00050082$

?:4?036?00050082$
?:4?036?00050082$?:4?036?00050082$

?:4?036?00050082$?:4?036?00050082$
?:4?036?00050082$

?:4?036?00050082$?:4?036?00050082$

?:4?036?00050082$?:4?036?00050082$

?:4?036?00050082$?:4?036?00050082$

?:4?036?00050082$?:4?036?00050082$
?:4?036?00050082$

?:4?036?00050082$?:4?036?00050082$

?:4?036?00050082$?:4?036?00050082$

?:4?036?00050082$
?:4?036?00050082$?40040:<8=14$

?:4?036?00050082$?:4?036?00050082$
?:4?036?00050082$

?:4?036?00050082$?:4?036?00050082$

?:4?036?00050082$?:4?036?00050082$

?:4?036?00050082$
?:4?136?00054087$?:4?136?00054087$

?10040?<5218$?40040:<8=14$

?10040?<5218$?:4?136?00054087$

?:4?136?00054087$?:4?136?00054087$
?:4?236?00054088$

?:4?236?00054088$?:4?236?00054088$

?:4?236?00054088$?:4?236?00054088$

?:4?336?00054089$
?:4?336?00054089$?:4?336?00054089$

?:4?336?00054089$?:4?336?00054089$
?:4?436?0005408:$

?:4?436?0005408:$?:4?436?0005408:$

?:4?436?0005408:$
?:4?426?00054089$
?:4?526?0005408:$?:4?526?0005408:$

?:4?526?0005408:$?:3?526?00054089$

?:3?526?00054089$?:3?626?0005408:$

?:3?626?0005408:$?:3?626?0005408:$

?:3?625?00054089$?:3?625?00054089$

?:3?725?0005408:$
?:3?725?0005408:$?:3?725?0005408:$
?:3?725?0005408:$

?:3?825?0005408;$?:3?825?0005408;$

?:3?825?0005408;$?:3?825?0005408;$

?:3?825?0005408;$
?:3?825?0005408;$?:3?925?0005408<$

?:3?925?0005408<$?:3?925?0005408<$

?:3?925?0005408<$?:3?925?0005408<$

?:3?:25?0005408=$
?:3?:25?0005408=$?:3?:25?0005408=$

?:3?:25?0005408=$?:3?:25?0005408=$

?:3?;25?0005408>$
?:3?;25?0005408>$?:3?;25?0005408>$

?:3?;25?0005408>$?:3?;25?0005408>$

?:3?<25?0005408?$
?:3?<25?0005408?$?:3?<25?0005408?$

?:3?<25?0005408?$?:3?<25?0005408?$

?:3?<25?0005408?$
?:3?=25?00054080$?:3?=25?00054080$

?:3?=25?00054080$?:3?=25?00054080$

?:3?<25?0005008;$
?:3?<25?0005008;$?:3?<25?0005008;$

?:3?<25?0005008;$
?:3?<25?0005008;$?:3?<25?0005008;$

?:3?<25?0005008;$
?:3?<25?0005008;$?:3?<25?0005008;$

?:3?<25?0005008;$
?:3?<25?0005008;$?:3?<25?0005008;$

?:3?<25?0005008;$?:3?<25?0005008;$

?:3?<25?0005008;$
?:3?<25?0005008;$?:3?<25?0005008;$

?:3?<25?0005008;$?:3?<25?0005008;$

?:3?<25?0005008;$
?:3?<25?0005008;$?:3?<25?0005008;$

?:3?<25?0005008;$
?:3?<25?0005008;$?:3?<25?0005008;$

?:3?<25?0005008;$?:3?<25?0005008;$

?:3?<25?0005008;$
?:3?<25?0005008;$
?:3?<25?0005008;$?:3?<25?0005008;$

?:3?<25?0005008;$
?:3?<25?0005008;$?:3?<15?0005008:$

?:3?<15?0005008:$?:3?<15?0005008:$

?:3?<15?0005008:$
?:3?<15?0005008:$?:3?<15?0005008:$

?:3?<15?0005008:$?:3?<15?0005008:$

?:2?<15?00050089$
?:2?<15?00050089$?:2?<15?00050089$

?:2?<15?00050089$
?:2?<15?00050089$?:2?<15?00050089$

?:2?<15?00050089$?:2?<15?00050089$

?:2?<15?00050089$
?:2?<15?00050089$?:2?<15?00050089$

?:2?<15?00050089$
?:2?<15?00050089$?:2?<15?00050089$

?:2?<15?00050089$
?:2?<15?00050089$?:2?<15?00050089$

?:2?<15?00050089$?:2?<15?00050089$
?:2?<15?00050089$

?:2?<15?00050089$
?:2?<15?00050089$?:2?<15?00050089$

?:2?<15?00050089$?:2?<15?00050089$

?:2?<15?00050089$
?:2?<15?00050089$?:2?<15?00050089$

?40040<?6=17$
?:2?<15?00050089$?:2?<15?00050089$
?:2?<15?00050089$

?:2?<15?00050089$?:2?<15?00050089$

?:2?<15?00050089$?:2?<15?00050089$

?:2?<15?00050089$
?:2?<15?00050089$?:2?<15?00050089$

?:2?<15?00050089$?:2?<15?00050089$

?:2?<15?00050089$
?:2?<15?00050089$?:2?<15?00050089$

?:2?<15?00050089$
?:2?<15?00050089$?:2?<15?00050089$

?:2?<15?00050089$
?:2?<15?00050089$?:2?<15?00050089$

?:2?<15?00050089$
?:2?<15?00050089$?:2?<15?00050089$

?:2?<15?00050089$?:2?<15?00050089$

?:2?<15?00050089$
?:2?<15?00050089$?:2?<15?00050089$

?:2?<15?00050089$
?:2?<15?00050089$?:2?<15?00050089$

?:2?<15?00050089$?:2?<15?00050089$
?:2?<15?00050089$

?:2?<15?00050089$
?:2?<15?00050089$?:2?<15?00050089$

?:2?<15?00050089$?:2?<15?00050089$

?:2?<15?00050089$
?:2?<15?00050089$?:2?<15?00050089$

?:2?<15?00050089$
?:2?<15?00050089$?:2?<15?00050089$

?:2?<15?00050089$
?:2?<15?00050089$?:2?<15?00050089$

?:2?<15?00050089$
?:2?<15?00050089$?:2?<15?00050089$

?:2?<15?00050089$
?:2?<15?00050089$?:2?<15?00050089$

?:2?<15?00050089$?:2?<15?00050089$
?:2?<15?00050089$

?:2?<15?00050089$
?:2?<15?00050089$?:2?<15?00050089$

?:2?<15?00050089$?:2?<15?00050089$
?:2?<15?00050089$

?:2?<15?00050089$
?:2?<15?00050089$?:2?<15?00050089$

?:2?<15?00050089$?:2?<15?00050089$
?:2?<15?00050089$

?:2?<15?00050089$?:2?<15?00050089$

?:2?<15?00050089$
?:2?<15?00050089$?:2?<15?00050089$
?:2?<15?00050089$

?:2?<15?00050089$
?:2?<15?00050089$?:2?<15?00050089$

?:2?<15?00050089$
?:2?<15?00050089$?:2?<15?00050089$
?:2?<15?00050089$

?:2?<15?00050089$
?:2?<15?00050089$?:2?<15?00050089$

?:2?<15?00050089$
?:2?<15?00050089$?:2?<15?00050089$
?:2?;15?00050088$

?:2?;15?00050088$
?:2?;15?00050088$?:2?;15?00050088$

?:2?;15?00050088$?:2?;15?00050088$
?:2?;15?00050088$

?:2?;15?00050088$
?:2?;15?00050088$?:2?;15?00050088$

?:2?;14?00050087$
?:2?;14?00050087$?:2?;14?00050087$

?:2?;14?00050087$
?:2?;14?00050087$?:2?;14?00050087$

?:2?;14?00050087$?:2?;14?00050087$

?:2?;14?00050087$
?:2?;14?00050087$?:2?;14?00050087$

?:2?;14?00050087$
?:2?;14?00050087$?:2?;14?00050087$

?:2?;14?00050087$
?:2?;14?00050087$?:2?;14?00050087$

?:2?;14?00050087$
?:2?;14?00050087$?:2?;14?00050087$

?:2?;14?00050087$?:2?;14?00050087$

?:2?;14?00050087$
?:2?;14?00050087$?:2?;14?00050087$

?:2?;04?00050086$
?:2?;04?00050086$?:1?;04?00050085$

?:1?;04?00050085$?:1?;04?00050085$

?:1?;04?00050085$?:1?;04?00050085$
?:1?;04?00050085$

?:1?;04?00050085$?:1?;04?00050085$
?:1?;04?00050085$

?:1?;04?00050085$
?:1?;04?00050085$?:1?;04?00050085$

?:1?;04?00050085$?:1?;04?00050085$
?:1?;04?00050085$

?:1?;04?00050085$?:1?;04?00050085$

?:1?;04?00050085$
?:1?;04?00050085$?:1?;04?00050085$

?:1?;04?00050085$
?:1?;04?00050085$?:1?;04?00050085$

?:1?;04?00050085$?:1?;04?00050085$
?:1?;04?00050085$

?:1?:04?00050084$
?:1?:04?00050084$?:1?:04?00050084$

?:1?:04?00050084$
?:1?:04?00050084$?:1?:04?00050084$

?:1?:04?00050084$
?:1?:04?00050084$?:1?:04?00050084$

?:1?:04?00050084$
?:1?:04?00050084$?:1?:04?00050084$

?:1?:04?00050084$
?:1?:04?00050084$?:1?:04?00050084$

?:1?:04?00050084$
?:1?:04?00050084$?:1?:04?00050084$

?:1?:04?00050084$
?:1?:04?00050084$?:1?:04?00050084$

?:1?:04?00050084$
?:1?:04?00050084$?:1?:04?00050084$

?:1?:04?00050084$?:1?:04?00050084$
?:1?:04?00050084$

?:1?:04?00050084$
?:1?:04?00050084$?:1?:04?00050084$

?:1?:04?00050084$
?:1?:04?00050084$?:1?:04?00050084$

?:1?:04?00050084$
?:1?:04?00050084$?:1?:04?00050084$

?:1?:04?00050084$
?:1?:04?00050084$?:1?:04?00050084$

?:1?:04?00050084$?:1?:04?00050084$

?:1?:03?00050083$
?:0?:03?00050082$?:0?:03?00050082$

?:0?:03?00050082$
?:0?:03?00050082$?:0?:03?00050082$

?3005014?11>$
?:0?:03?00050082$?:0?:03?00050082$

?:0?:03?00050082$
?:0?:03?00050082$?:0?:03?00050082$

?:0?:03?00050082$
?:0?:03?00050082$?:0?:03?00050082$

?:0?:03?00050082$
?:0?:03?00050082$?:0?:03?00050082$

?:0?:03?00050082$
?:0?903?00050081$?:0?903?00050081$

?:0?903?00050081$
?:0?903?00050081$?:0?903?00050081$

?:0?903?00050081$
?:0?903?00050081$?:0?903?00050081$

?:0?903?00050081$?5005084?61<$
?:0?903?00050081$

?:0?903?00050081$
?:0?903?00050081$?:0?903?00050081$

?:0?903?00050081$
?:0?903?00050081$?:0?903?00050081$

?:0?903?00050081$
?:0?903?00050081$?:0?903?00050081$

?:0?903?00050081$
?:0?903?00050081$?:0?903?00050081$

?:0?903?00050081$?:0?903?00050081$
?:0?903?00050081$

?:0?903?00050081$?:0?903?00050081$
?:0?903?00050081$

?:0?903?00050081$
?:0?903?00050081$?:0?903?00050081$

?:0?903?00050081$
?:0?903?00050081$?:0?903?00050081$

?:0?903?00050081$?:0?903?00050081$

?:0?903?00050081$?:0?903?00050081$
?:0?903?00058089$

?:0?913?0005808:$?:0?913?0005808:$

?:0?913?0005808:$?:0?913?0005808:$

?:0?913?0005808:$
?:0?913?0005808:$
?:0?913?0005808:$?:0?913?0005808:$

?:0?913?0005808:$
?:0?913?0005808:$?:0?913?0005808:$

?:0?913?0005808:$?:0?913?0005808:$
?:0?923?0005808;$

?:0?923?0005808;$
?:0?923?0005808;$?:0?923?0005808;$

?:0?923?0005808;$
?:0?933?0005808<$?:0?933?0005808<$

?:0?933?0005808<$
?:0?933?0005808<$?:0?833?0005808;$

?:0?843?0005808<$
?:0?843?0005808<$?:0?843?0005808<$

?:0?843?0005808<$?:0?843?0005808<$

?:0?852?0005808<$
?:0?852?0005808<$?:0?852?0005808<$

?:0?852?0005808<$?:0?852?0005808<$
?:0?852?0005808<$

?:0?862?0005808=$
?:0?862?0005808=$?:0?862?0005808=$

?:0?862?0005808=$
?:0?872?0005808>$?:0?872?0005808>$

?:0?872?0005808>$
?:0?872?0005808>$?:0?872?0005808>$

?:0?872?0005808>$
?:0?872?0005808>$?:0?872?0005808>$

?:0?872?0005808>$
?:0?872?0005808>$?:0?872?0005808>$

?:0?872?0005808>$?:0?872?0005808>$
?:0?872?0005808>$

?:0?872?0005808>$
?:0?872?0005808>$?:0?872?0005808>$

?:0?872?0005808>$
?:0?872?0005808>$?:0?872?0005808>$

?:0?882?0005808?$?:0?882?0005808?$

?:0?882?0005808?$
?:0?882?0005808?$?:0?882?0005808?$

?:0?882?0005808?$
?:0?882?0005808?$?:0?882?0005808?$

?:0?882?0005808?$
?:0?882?0005808?$?:0?882?0005808?$

?:0?882?0005808?$
?:0?882?0005808?$?:0?882?0005808?$

?:0?882?0005808?$
?:0?882?0005808?$?:0?882?0005808?$

?:0?782?0005808>$
?:0?782?0005808>$?:0?782?0005808>$

?:0?782?0005808>$
?30050>63212$?:0?782?0005808>$

?:0?782?0005808>$
?:0?782?0005808>$?:0?782?0005808>$

?:0?782?0005808>$
?:0?782?0005808>$?:0?782?0005808>$

?:0?782?0005808>$
?:0?782?0005808>$?:0?782?0005808>$

?:0?782?0005808>$
?:0?782?0005808>$?:0?782?0005808>$

?:0?782?0005808>$
?:0?782?0005808>$?:0?782?0005808>$

?:0?782?0005808>$
?:0?782?00050086$?:0?782?00050086$

?:0?782?00050086$
?:0?782?00051087$?:1?782?00051088$

?:1?772?00051087$
?:1?772?00051087$?:1?772?00051087$

?:1?772?00051087$
?:1?772?00051087$?:1?772?00051087$

?:1?772?00051087$
?:1?772?00051087$?:1?772?00051087$

?:2?772?00051088$
?:2?771?00051087$?:2?771?00051087$

?:2?771?00051087$
?:2?771?00051087$?:2?771?00051087$

?50050:76>10$
?:3?771?00051088$?:3?771?00051088$

?:3?771?00051088$?:3?771?00051088$
?:4?771?00051089$

?:4?771?00051089$
?:4?771?00051089$?:4?771?00051089$

?:5?771?0005108:$
?:5?771?0005108:$?:5?771?0005108:$

?:5?771?0005108:$?:5?771?0005108:$
?:5?771?0005108:$

?:6?771?0005108;$
?:6?771?0005108;$?:6?671?0005108:$

?:6?671?0005108:$
?:6?671?0005108:$?:7?671?0005108;$

?:7?671?0005108;$
?:7?671?0005108;$?:7?671?0005108;$

?:7?671?0005108;$
?:8?671?0005108<$?:8?671?0005108<$
?:8?671?0005108<$
?:8?671?0005108<$
?:8?671?0005108<$
?:9?671?0005108=$

?:9?671?0005108=$
?:9?671?0005108=$?:9?671?0005108=$

?::?671?0005108>$
?::?671?0005108>$?::?671?0005108>$

?::?671?0005108>$
?::?671?0005108>$?::?671?0005108>$

?:;?671?0005108?$
?:;?671?0005108?$?:;?671?0005108?$

?:;?671?0005108?$
?:;?671?0005108?$?:<?671?00051080$

?:<?671?00051080$
?:<?671?00051080$?:<?671?00051080$

?:<?671?00051080$
?:=?671?00051081$?:=?671?00051081$

?:=?671?00051081$
?:=?671?00051081$?:=?671?00051081$

?:>?661?00051081$?:>?661?00051081$

?:>?661?00051081$
?:>?661?00051081$?:>?661?00051081$

?:>?661?00051081$
?:??661?00051082$?:??661?00051082$

?:??661?00051082$
?:??661?00051082$?:??661?00051082$

?:??661?00051082$
?:??661?00051082$?:??661?00051082$

?:??561?00051081$
?:??561?00051081$?:??561?00051081$

?:??561?00051081$
?:??561?00051081$?:??561?00051081$

?:??561?00051081$
?:??561?00051081$?:??561?00051081$

?:??561?00051081$
?:??561?00051081$?:??561?00051081$

?:??561?00051081$?:??561?00051081$
?:??561?00051081$

?:??561?00051081$?:??560?00051080$
?:??560?00051080$

?:??560?00051080$?:??560?00051080$

?:??560?00051080$
?30050:99318$?50050:76>10$

?10040<?>312$
?:??560?00051080$?:??560?00051080$

?:??560?00051080$
?:??560?00051080$?:??560?0005008?$

?:??560?0005008?$?:??560?0005008?$

?:??560?0005008?$
?:??560?0005008?$?:??560?0005008?$

?:??560?0005008?$
?:??560?0005008?$?:??560?0005008?$

?:??560?0005008?$?:??560?0005008?$
?:??560?0005008?$

?:??560?0005008?$?:??560?0005008?$

?:??560?0005008?$
?:??560?0005008?$
?:??560?0005008?$?:??560?0005008?$

?:??560?0005008?$
?:??560?0005008?$?:??560?0005008?$

?:??560?0005008?$
?:??560?0005008?$?:??560?0005008?$

?:??560?0005008?$
?:??560?0005008?$?:??560?0005008?$

?:??560?0005008?$
?:??560?0005008?$?:??560?0005008?$

?:??550?0005008>$
?:??550?0005008>$?:??550?0005008>$

?:??550?0005008>$
?:??450?0005008=$?:??450?0005008=$

?:??450?0005008=$?:??450?0005008=$

?:??450?0005008=$
?:??450?0005008=$?:??450?0005008=$

?:??450?0005008=$
?:??450?0005008=$?:??450?0005008=$

?:??450?0005008=$
?:??450?0005008=$?:
??450?0005008=$?:??450?0005008=$



?400805;9016$?400805;9016$
?400805;9016$?300806;691<$

?100806>?01=$?100806>?01=$

?400805;9016$?300806;691<$

?:??=;??0005008;$?:??=;??0005008;$

?:??=;??0005008;$?:??=;??0005008;$

?:??=;??0005008;$?:??=;??0005008;$
?:??=;??0005008;$

?:??=;??0005008;$?:??=;??0005008;$

?:??=;??0005008;$?:??=;??0005008;$

?:??=;??0005008;$
?:??=;??0005008;$?:??=;??0005008;$
?:??=;??0005008;$

?:??=;??0005008;$?:??=;??0005008;$

?:??=;??0005008;$
?:??=;??0005008;$?:??=;??0005008;$
?:??=;??0005008;$

?:??=;??0005008;$?:??=;??0005008;$

?:??=;??0005008;$?:??=;??0005008;$

?:??=;??0005008;$
?:??=;??0005008;$?:??=;??0005008;$

?:??=;??0005008;$?:??=;??0005008;$
?:??=;??0005008;$

?:??=;??0005008;$
?:??=;??0005008;$?:??=;??0005008;$
?:??=;??0005008;$
?:??=;??0005008;$

?:??=;??0005008;$
?:??=;??0005008;$?:??=;??0005008;$

?:??=;??0005008;$?:??=;??0005008;$
?:??=;??0005008;$

?:??=;??0005008;$?:??=;??0005008;$

?:??<;??0005008:$?:??<;??0005008:$
?:??<;??0005008:$
?:??<;??0005008:$

?:??<;??0005008:$?:??<;??0005008:$
?:??<;??0005008:$

?:??<;??0005008:$?:??<;??0005008:$

?:??<;??0005008:$?:??<;??0005008:$
?:??<;??0005008:$

?:??<;??0005008:$?:??<;??0005008:$
?:??<;??0005008:$
?:??<;??0005008:$
?:??<;??0005008:$

?:??<;??0005008:$?:??<;??0005008:$

?:??<;??0005008:$?:??<;??0005008:$
?:??<;??0005008:$
?:??<;??0005008:$

?:??<;??0005008:$?:??<;??0005008:$
?:??<;??0005008:$

?:??<;??0005008:$?:??<;??0005008:$
?:??<;??0005008:$
?:??<;??0005008:$
?:??<;??0005008:$
?:??<;??0005008:$

?:??<;??0005008:$?:??<;??0005008:$

?:??<;??0005008:$?:??<;??0005008:$
?:??<;??0005008:$

?:??<;??0005008:$?:??<;??0005008:$
?:??<;??0005008:$

?:??<;??0005008:$?:??<;??0005008:$
?:??<;??0005008:$
?:??<;??0005008:$

?:??<;??0005008:$
?:??<;??0005008:$?:??<;??0005008:$

?:??<;??0005008:$?:??<;??0005008:$
?:??<;??0005008:$
?:??<;??0005008:$

?:??<;??0005008:$?:??<;??0005008:$
?:??<;??0005008:$

?:??<;??0005008:$?:??<;??0005008:$

?:??<;??0005008:$?:??<;??0005008:$
?:??<;??0005008:$
?:??<;??0005008:$

?:??<;??0005008:$?:??<;??0005008:$
?:??<;??0005008:$
?:??<;??0005008:$

?:??<;??0005008:$?:??<;??0005008:$

?:??<;??0005008:$?:??<;??0005008:$

?:??<;??0005008:$
?:??<;??0005008:$?:??<:??00050089$
?:??<:??00050089$
?:??<:??00050089$

?:??<:??00050089$?:??<:??00050089$

?:??<:??00050089$?:??<:??00050089$

?:??<:??00050089$?:??<:??00050089$

?:??<:??00050089$?:??<:??00050089$
?:??<:??00050089$
?:??<:??00050089$
?:??<:??00050089$

?:??<:??00050089$?:??<:??00050089$

?:??<:??00050089$?:??<:??00050089$

?:>?<:??00050088$?:>?<:??00050088$

?:>?<:??00050088$?:>?<:??00050088$

?:>?<:??00050088$?:>?<:??00050088$
?:>?<:??00050088$
?:>?<:??00050088$

?:>?;:??00050087$?:>?;:??00050087$
?:>?;:??00050087$
?:>?;:??00050087$

?:>?;:??00050087$?:>?;:??00050087$
?:>?;:??00050087$
?:>?;:??00050087$

?30090>23=1=$?:>?;:??00050087$
?:>?;:??00050087$
?10090?2?=18$
?:>?;:??00050087$
?:>?;:??00050087$
?:>?;:??00050087$
?:>?;:??00050087$

?:>?;:??00050087$?:>?;:??00050087$
?:>?;:??00050087$
?:>?;:??00050087$
?:>?;:??00050087$
?:>?;:??00050087$
?:>?;:??00050087$

?:>?;:??00050087$?:>?;:??00050087$

?:>?;:??00050087$?:>?;:??00050087$
?:>?;:??00050087$

?:>?;:??00050087$?:>?;:??00050087$

?:>?;:??00050087$?:>?;:??00050087$
?:>?;:??00050087$
?:>?;:??00050087$

?:>?;:??00050087$
?:>?;:??00050087$?:>?;:??00050087$
?:>?;:??00050087$

?:>?;:??00050087$?:>?;:??00050087$

?:>?;:??00050087$?:>?;:??00050087$

?:>?;:??00050087$?:>?;:??00050087$

?:>?;:??00050087$?:>?;:??00050087$

?:>?;:??00050087$?:>?;:??00050087$

?:>?;:??00050087$?:>?;:??00050087$

?:>?;:??00050087$?:>?;:??00050087$

?:>?;:??00050087$?:>?;:??00050087$
?:>?;:??00050087$
?:>?;:??00050087$

?:>?;:??00050087$?:>?;:??00050087$
?:>?;:??00050087$
?:>?;:??00050087$

?:>?;:??00050087$?:>?;:??00050087$

?:>?;:??00050087$?:>?;:??00050087$

?:>?;:??00050087$?:>?;:??00050087$
?:>?;:??00050087$
?:>?;:??00050087$

?:>?;:??00050087$?:>?;:??00050087$
?:>?;:??00050087$

?:>?;:??00050087$
?:>?;:??00050087$?:>?;:??00050087$

?:>?;:??00050087$?:>?;:??00050087$
?:>?;:??00050087$

?:>?;:??00050087$
?:>?;:??00050087$?:>?;:??00050087$
?:>?;:??00050087$
?:>?;:??00050087$

?:>?;:??00050087$
?:>?;:??00050087$?:>?;:??00050087$

?:>?;:??00050087$
?:>?;:??00050087$?:>?;:??00050087$

?:>?;:??00050087$
?:>?;:??00050087$?:>?;:??00050087$

?:>?;:??00050087$
?:>?;:??00050087$?:>?;:??00050087$

?:>?;:??00050087$
?:>?;:??00050087$?:>?;:??00050087$

?:>?;:??00050087$
?:>?;:??00050087$?:>?;:??00050087$
?:>?;:??00050087$

?:>?;:??00050087$
?:>?;:??00050087$?:>?;:??00050087$

?:>?;:??00050087$?:>?;:??00050087$

?:>?;:??00050087$?:>?;:??00050087$

?:>?;:??00050087$
?:>?;:??00050087$?:>?;:??00050087$

?:>?;:??00050087$?:>?;:??00050087$

?:>?;:??00050087$?:>?;:??00050087$
?:>?;:??00050087$

?:>?;:??00050087$?:>?;:??00050087$

?:>?;:??00050087$
?:>?;:??00050087$?:>?;:??00050087$

?:>?;:??00050087$
?:>?;:??00050087$?:>?;:??00050087$
?:>?;:??00050087$

?:>?;:??00050087$
?:>?;:??00050087$?:>?;:??00050087$

?:>?;:??00050087$
?:>?;:??00050087$?:>?;:??00050087$
?:>?;:??00050087$

?:>?;:??00050087$
?:>?;:??00050087$?:>?;:??00050087$

?:>?;:??00050087$
?:>?;:??00050087$?:>?;:??00050087$

?:>?;:??00050087$?:>?;:??00050087$
?:>?;:??00050087$

?:>?;:??00050087$
?:>?;:??00050087$?:>?;:??00050087$

?:>?;:??00050087$
?:>?;:??00050087$?:>?;:??00050087$

?:>?;9??00050086$?:>?;9??00050086$

?:>?;9??00050086$
?:>?;9??00050086$?:>?;9??00050086$

?:>?;9??00050086$?:>?;9??00050086$
?:>?;9??00050086$

?:>?;9??00050086$
?:>?;9??00050086$?:>?;9??00050086$

?:>?;9??00050086$
?:>?;9??00050086$?:>?;9??00050086$

?:>?;9??00050086$
?:>?;9??00050086$?:>?;9??00050086$
?:>?;9??00050086$

?:>?;9??00050086$?:>?;9??00050086$
?:>?;9??00050086$

?:>?;9??00050086$?:>?;9??00050086$

?:>?;9??00050086$?:>?;9??00050086$

?:>?;9??00050086$
?:>?;9??00050086$?:>?;9??00050086$
?:>?;9??00050086$

?:>?;9??00050086$?:>?;9??00050086$

?:>?;9??00050086$?:>?;9??00050086$

?:>?;9??00050086$
?:>?;9??00050086$?:>?;9??00050086$

?:>?;9??00050086$
?:>?;9??00050086$?:>?;9??00050086$

?:>?;9??00050086$
?:>?;9??00050086$?:>?;9??00050086$

?:>?;9??00050086$
?:>?;9??00050086$?:>?;9??00050086$

?:>?;9??00050086$
?:>?;9??00050086$?:>?;9??00050086$

?:=?;9??00050085$?:=?;9??00050085$

?:=?;9??00050085$
?:=?;9??00050085$?:=?;9??00050085$

?4009027>?14$?10090378714$

?:=?;9??00050085$
?:=?;9??00050085$?:=?;9??00050085$
?:=?;9??00050085$

?:=?;9??00050085$
?:=?;9??00050085$?:=?;9??00050085$

?:=?;9??00050085$?:=?;9??00050085$
?:=?;9??00050085$

?:=?;9??00050085$
?:=?;9??00050085$?:=?;9??00050085$

?:=?;9??00050085$?:=?;9??00050085$
?:=?;9??00050085$

?:=?;9??00050085$?:=?;9??00050085$

?:=?;9??00050085$
?:=?;9??00050085$?:=?;9??00050085$

?:=?;9??00050085$
?:=?;9??00050085$?:=?;9??00050085$

?:=?:9??00050084$?:=?:9??00050084$

?:=?:9??00050084$?:=?:9??00050084$
?:=?:9??00050084$

?:=?:9??00050084$?:=?:9??00050084$

?:=?:9??00050084$?:=?:9??00050084$

?:=?:9??00050084$?:=?:9??00050084$
?:=?:9??00050084$
?:=?:9??00050084$
?:=?:9??00050084$
?:=?:9??00050084$

?:=?:9??00050084$
?:=?:9??00050084$?:=?:9??00050084$

?:=?:9??00050084$
?:=?:9??00050084$?:=?:9??00050084$

?:=?:9??00050084$
?:=?:9??00050084$?:=?:9??00050084$

?:=?:9??00050084$
?:=?:9??00050084$?:=?:9??00050084$
?:=?:9??00050084$

?:=?:9??00050084$
?:=?:9??00050084$?:=?:9??00050084$

?:=?:9??00050084$
?:=?:9??00050084$?:=?:9??00050084$

?:=?:9??00050084$
?:=?:9??00050084$?:=?:9??00050084$

?:=?:9??00050084$
?:=?:9??00050084$?:=?:9??00050084$

?:=?:9??00050084$
?:=?:9??00050084$?:=?:9??00050084$

?30090:8?<1:$?4009027>?14$

?30090:8?<1:$?4009027>?14$

?:=?:9??00050084$
?:=?:9??00050084$?:=?:9??00050084$

?:=?:9??00050084$
?:=?:9??00050084$?:=?:9??00050084$

?:=?:9??00050084$?:=?:9??00050084$
?:=?:9??00050084$
?:=?:9??00050084$

?:=?:9??00050084$
?:=?:9??00050084$?:=?:9??00050084$

?:=?:9??00050084$
?:=?:9??00050084$?:=?:9??00050084$

?:=?:9??00050084$
?:=?:9??00050084$?:=?:9??00050084$

?:=?:9??00050084$?:=?:9??00050084$

?:=?:9??00050084$?:=?:9??00050084$

?:=?:9??00050084$?:=?:9??00050084$

?:=?:9??00050084$?:=?:9??00050084$

?:=?:9??00050084$?:=?:9??00050084$

?:=?:9??00050084$?:=?:9??00050084$

?:=?:9??00050084$?:=?:9??00050084$
?:=?:9??00050084$
?:=?:9??00050084$
?:=?:9??00050084$
?:=?:9??00050084$
?:=?:9??00050084$
?:=?:9??00050084$

?:=?:9??00050084$
?:=?:9??00050084$?:=?:9??00050084$

?:=?:9??00050084$
?:=?:9??00050084$?:=?:9??00050084$
?:=?:8??00050083$
?:=?:8??00050083$

?:=?:8??00050083$?:=?:8??00050083$

?:=?:8??00050083$?:=?:8??00050083$

?:=?:8??00050083$?:=?:8??00050083$

?:=?:8??00050083$
?:=?:8??00050083$?:=?:8??00050083$

?:=?:8??00050083$
?:=?:8??00050083$?:=?:8??00050083$

?:=?:8??00050083$?:=?:8??00050083$

?:=?:8??00050083$
?:=?:8??00050083$?:=?:8??00050083$
?:=?:8??00050083$

?:=?:8??00050083$
?:=?:8??00050083$?:=?:8??00050083$

?:=?:8??00050083$?:=?:8??00050083$
?:=?:8??00050083$

?:=?:8??00050083$?:=?:8??00050083$

?:=?:8??00050083$
?:=?:8??00050083$?:=?:8??00050083$

?:=?:8??00050083$?:=?:8??00050083$

?:=?:8??00050083$?:=?:8??00050083$

?:=?:8??00050083$?:=?:8??00050083$

?:=?:8??00050083$
?:=?:8??00050083$?:=?:8??00050083$

?:=?:8??00050083$
?:=?:8??00050083$?:=?:8??00050083$
?:=?:8??00050083$

?:=?:8??00050083$
?:=?:8??00050083$?:=?:8??00050083$

?:=?98??00050082$
?:=?98??00050082$?:=?98??00050082$

?:=?98??00050082$?:=?98??00050082$

?:=?98??00050082$
?:=?98??00050082$?:=?98??00050082$

?:=?98??00050082$?:=?98??00050082$
?:=?98??00050082$

?:=?98??00050082$?:=?98??00050082$

?:<?98??00050081$?:<?98??00050081$

?:<?98??00050081$
?:<?98??00050081$?:<?98??00050081$

?:<?98??00050081$?:<?98??00050081$

?:<?98??00050081$
?:<?98??00050081$?:<?98??00050081$

?:<?98??00050081$?:<?98??00050081$

?:<?98??00050081$
?:<?98??00050081$?:<?98??00050081$

?:<?98??00050081$?:<?98??00050081$
?:<?98??00050081$

?:<?98??00050081$?:<?98??00050081$
?:<?98??00050081$

?:<?98??00050081$
?:<?98??00050081$?:<?98??00050081$

?:<?98??00050081$
?:<?98??00050081$?:<?98??00050081$

?:<?98??00050081$?:<?98??00050081$

?:<?98??00050081$
?:<?98??00050081$?:<?98??00050081$

?:<?98??00050081$?:<?98??00050081$
?:<?98??00050081$

?:<?98??00050081$
?:<?98??00050081$?:<?98??00050081$

?:<?98??00050081$
?:<?98??00050081$?:<?98??00050081$

?:<?98??00050081$
?:<?98??00050081$?:<?98??00050081$

?:<?98??00050081$
?:<?98??00050081$?:<?98??00050081$

?:<?98??00050081$
?:<?98??00050081$?:<?98??00050081$
?:<?98??00050081$

?:<?98??00050081$
?:<?98??00050081$?:<?98??00050081$

?:<?98??00050081$
?:<?98??00050081$?:<?98??00050081$

?:<?98??00050081$
?:<?98??00050081$?:<?98??00050081$

?:<?98??00050081$
?:<?98??00050081$?:<?98??00050081$

?:<?98??00050081$?:<?98??00050081$

?:<?98??00050081$
?:<?98??00050081$?:<?98??00050081$

?:<?98??00050081$
?:<?98??00050081$?:<?98??00050081$

?:<?98??00050081$
?:<?98??00050081$?:<?98??00050081$

?:<?98??00050081$?:<?98??00050081$

?:<?98??00050081$
?:<?98??00050081$?:<?98??00050081$
?:<?98??00050081$

?:<?98??00050081$?:<?98??00050081$

?:<?98??00050081$
?:<?98??00050081$?:<?98??00050081$

?:<?98??00050081$
?:<?98??00050081$?:<?98??00050081$

?:<?98??00050081$
?:<?98??00050081$?:<?98??00050081$

?:<?98??00050081$?:<?98??00050081$

?:<?98??00050081$?:<?98??00050081$

?:<?98??00050081$
?:<?98??00050081$?:<?98??00050081$

?:<?98??00050081$
?:<?98??00050081$?:<?98??00050081$

?:<?88??00050080$
?:<?88??00050080$?:<?88??00050080$

?:<?88??00050080$
?:<?88??00050080$?:<?88??00050080$

?:<?88??00050080$?:<?88??00050080$
?:<?87??0005008?$

?:<?87??0005008?$
?:<?87??0005008?$?:<?87??0005008?$

?:<?87??0005008?$
?:<?87??0005008?$?:<?87??0005008?$

?:<?87??0005008?$?:<?87??0005008?$

?:;?87??0005008>$
?:;?87??0005008>$
?:;?87??0005008>$?:;?87??0005008>$

?:;?87??0005008>$
?:;?87??0005008>$?:;?87??0005008>$

?:;?87??0005008>$
?:;?87??0005008>$?:;?87??0005008>$

?:;?87??0005008>$
?:;?87??0005008>$?:;?87??0005008>$

?:;?87??0005008>$?:;?87??0005008>$

?:;?87??0005008>$?:;?87??0005008>$

?:;?87??0005008>$?:;?87??0005008>$

?:;?87??0005008>$?:;?87??0005008>$

?:;?87??0005008>$?:;?87??0005008>$

?:;?87??0005008>$
?:;?87??0005008>$?:;?87??0005008>$

?:;?87??0005008>$?:;?87??0005008>$

?:;?87??0005008>$?:;?87??0005008>$

?:;?87??0005008>$?:;?87??0005008>$

?:;?87??0005008>$?:;?87??0005008>$

?:;?87??0005008>$?100904><21;$

?:;?87??0005008>$?:;?87??0005008>$
?:;?87??0005008>$

?:;?87??0005008>$?:;?87??0005008>$

?:;?87??0005008>$?:;?87??0005008>$
?:;?87??0005008>$

?:;?87??0005008>$?:;?87??0005008>$

?:;?87??0005008>$?:;?87??0005008>$

?:;?87??0005008>$?:;?87??0005008>$

?:;?87??0005008>$
?:;?87??0005008>$?:;?87??0005008>$
?:;?87??0005008>$

?:;?87??0005008>$
?:;?87??0005008>$?:;?87??0005008>$

?:;?87??0005008>$?:;?87??0005008>$

?:;?87??0005008>$
?:;?87??0005008>$?:;?87??0005008>$

?:;?87??0005008>$
?:;?87??0005008>$?:;?87??0005008>$

?:;?87??0005008>$?:;?87??0005008>$

?:;?87??0005008>$
?:;?87??0005008>$?:;?87??0005008>$

?:;?87??0005008>$?:;?87??0005008>$

?:;?87??0005008>$
?:;?87??0005008>$?:;?87??0005008>$

?:;?87??0005008>$
?:;?87??0005008>$?:;?87??0005008>$
?:;?87??0005008>$

?:;?87??0005008>$
?:;?87??0005008>$?:;?77??0005008=$

?400904?6<13$?300904?7=14$
?:;?77??0005008=$

?:;?77??0005008=$?:;?77??0005008=$

?:;?77??0005008=$
?:;?77??0005008=$?:;?77??0005008=$

?:;?77??0005008=$
?:;?77??0005008=$?:;?77??0005008=$

?:;?77??0005008=$
?:;?77??0005008=$?:;?77??0005008=$

?:;?77??0005008=$?:;?77??0005008=$

?:;?77??0005008=$
?:;?77??0005008=$?:;?77??0005008=$

?:;?77??0005008=$?:;?77??0005008=$
?:;?77??0005008=$

?:;?77??0005008=$
?:;?77??0005008=$?:;?77??0005008=$
?:;?77??0005008=$

?:;?77??0005008=$?:;?76??0005008<$

?:;?76??0005008<$?:;?76??0005008<$

?:;?76??0005008<$?:;?76??0005008<$

?:;?76??0005008<$
?:;?76??0005008<$?:;?76??0005008<$

?:;?76??0005008<$
?:;?76??0005008<$?:;?76??0005008<$

?:;?76??0005008<$?:;?76??0005008<$

?:;?76??0005008<$
?:;?76??0005008<$?:;?76??0005008<$
?:;?76??0005008<$

?:;?76??0005008<$
?:;?76??0005008<$
?:;?76??0005008<$?:;?76??0005008<$

?:;?76??0005008<$?:;?76??0005008<$
?:;?76??0005008<$

?:;?76??0005008<$?:;?76??0005008<$
?:;?76??0005008<$

?:;?76??0005008<$
?:;?76??0005008<$?:;?76??0005008<$

?::?76??0005008;$?::?76??0005008;$

?::?76??0005008;$?::?76??0005008;$

?::?76??0005008;$?::?76??0005008;$

?::?76??0005008;$
?::?76??0005008;$?::?76??0005008;$

?::?76??0005008;$
?::?76??0005008;$?::?76??0005008;$

?::?76??0005008;$?::?76??0005008;$

?::?76??0005008;$
?::?76??0005008;$?::?76??0005008;$

?::?76??0005008;$
?::?76??0005008;$?::?76??0005008;$

?::?76??0005008;$?::?76??0005008;$

?::?76??0005008;$
?::?76??0005008;$?::?76??0005008;$
?::?76??0005008;$
?::?76??0005008;$

?::?76??0005008;$?::?76??0005008;$

?::?76??0005008;$?::?76??0005008;$

?::?76??0005008;$?::?76??0005008;$

?::?76??0005008;$?::?76??0005008;$
?::?76??0005008;$

?::?76??0005008;$
?::?76??0005008;$?::?76??0005008;$
?::?76??0005008;$

?::?76??0005008;$
?::?76??0005008;$?::?76??0005008;$

?::?76??0005008;$
?::?76??0005008;$?::?76??0005008;$

?::?76??0005008;$?::?76??0005008;$

?::?76??0005008;$?::?76??0005008;$

?::?76??0005008;$
?100:0:1;113$?::?76??0005108<$

?::?76??0005108<$?::?76??0005108<$

?::?76??0005108<$?::?76??0005108<$

?:;?76??0005108=$?:;?76??0005108=$

?:;?76??0005108=$?:;?76??0005108=$
?:;?76??0005108=$

?:;?76??0005108=$
?:;?76??0005108=$?:;?76??0005108=$
?:;?76??0005108=$

?:<?76??0005108>$?:<?76??0005108>$
?:<?76??0005108>$

?:<?76??0005108>$?:<?76??0005108>$

?:<?76??0005108>$?:<?76??0005108>$

?:<?76??0005108>$?:=?76??0005108?$
?:=?76??0005108?$
?:=?76??0005108?$

?:=?76??0005108?$
?:=?76??0005108?$?:=?76??0005108?$

?:=?76??0005108?$
?:>?76??00051080$?:>?76??00051080$

?:>?76??00051080$?:>?76??00051080$
?:>?76??00051080$

?:>?76??00051080$?:>?76??00051080$

?:>?76??00051080$
?:??76??00051081$?:??76??00051081$

?:??76??00051081$?:??76??00051081$

?:??76??00051081$
?:??76??00051081$
?:??76??00051081$?:??76??00051081$

?:??76??00051081$?:??76??00051081$

?:??76??00051081$?:??76??00051081$

?:??76??00051081$?:??76??00051081$
?:??76??00051081$
?:??76??00051081$

?:??76??00051081$?:??76??00051081$
?:??76??00051081$

?:??76??00051081$?:??76??00051081$
?:??76??00050080$
?:??76??00050080$

?:??76??00050080$
?:??76??00050080$?:??76??00050080$

?:??76??00050080$?:??76??00050080$
?:??76??00050080$

?:??76??00050080$
?:??76??00050080$?:??76??00050080$

?:??76??00050080$?:??76??00050080$

?:??76??00050080$?:??66??0005008?$

?:??66??0005008?$?:??66??0005008?$

?:??66??0005008?$?:??66??0005008?$
?:??66??0005008?$

?:??66??0005008?$?:??66??0005008?$

?:??66??0005008?$?:??66??0005008?$
?:??66??0005008?$

?:??66??0005008?$?:??66??0005008?$

?:??66??0005008?$?:??65??0005008>$

?300:0933714$?100:0:1;113$
?400:0:3>31=$

?300:0933714$?:??65??0005008>$
?:??65??0005008>$

?:??65??0005008>$?:??65??0005008>$

?:??65??0005008>$?:??65??0005008>$

?:??65??0005008>$
?:??65??0005008>$?:??65??0005008>$

?:??65??0005008>$?:??65??0005008>$

?:??65??0005008>$
?:??65??0005008>$?:??65??0005008>$

?:??65??0005008>$
?:??65??0005008>$?:??65??0005008>$

?:??65??0005008>$
?:??65??0005008>$?:??65??0005008>$

?:??65??0005008>$?:??65??0005008>$

?:??65??0005008>$?:??65??0005008>$
?:??65??0005008>$
?:??65??0005008>$

?:??65??0005008>$?:??65??0005008>$

?:??65??0005008>$?:??65??0005008>$
?:??65??0005008>$

?:??65??0005008>$?:??65??0005008>$

?:??65??0005008>$?:??65??0005008>$

?:??65??0005008>$?:??65??0005008>$

?:??65??0005008>$
?:??65??0005008>$?:??65??0005008>$
?:??65??0005008>$

?:??65??0005008>$?:??65??0005008>$

?:??65??0005008>$?:??65??0005008>$

?:??65??0005008>$?:??65??0005008>$

?:??65??0005008>$?:??65??0005008>$
?:??65??0005008>$
?:??65??0005008>$
?:??65??0005008>$

?:??65??0005008>$
?:??65??0005008>$?:??65??0005008>$

?:??65??0005008>$?:??65??0005008>$

?:??65??0005008>$?:??65??0005008>$

?:??65??0005008>$
?:??65??0005008>$?:??65??0005008>$
?:??65??0005008>$

?:??65??0005008>$?:??65??0005008>$
?:??65??0005008>$

?:??65??0005008>$?:??65??0005008>$

?:??65??0005008>$
?:??65??0005008>$?:??65??0005008>$

?:??65??0005008>$
?:??65??0005008>$?:??65??0005008>$

?:??65??0005008>$
?:??65??0005008>$?:??65??0005008>$

?:??65??0005008>$
?:??65??0005008>$?:??65??0005008>$

?:??65??0005008>$?:??65??0005008>$

?:??65??0005008>$
?:??65??0005008>$?:??65??0005008>$

?:??65??0005008>$
?:??65??0005008>$?:??65??0005008>$

?:??65??0005008>$
?:??65??0005008>$?:??55??0005008=$

?:??55??0005008=$?:??55??0005008=$

?:??55??0005008=$?:??55??0005008=$
?:??55??0005008=$

?:??55??0005008=$?:??55??0005008=$

?:??55??0005008=$?:??55??0005008=$

?:??55??0005008=$
?:??55??0005008=$?:??55??0005008=$
?:??55??0005008=$

?:??55??0005008=$?:??54??0005008<$

?:??54??0005008<$
?:??54??0005008<$?:??54??0005008<$
?:??54??0005008<$

?:??54??0005008<$?:??54??0005008<$

?:??54??0005008<$?:??54??0005008<$

?:??54??0005008<$
?:??54??0005008<$?:>?54??0005008;$

?:>?54??0005008;$
?:>?54??0005008;$?:>?54??0005008;$

?:>?54??0005008;$?:>?54??0005008;$

?:>?54??0005008;$?:>?54??0005008;$

?:>?54??0005008;$
?:>?54??0005008;$?:>?54??0005008;$

?:>?54??0005008;$?:>?54??0005008;$
?:>?54??0005008;$

?:>?54??0005008;$?:>?54??0005008;$

?:>?54??0005008;$
?:>?54??0005008;$?:>?54??0005008;$
?:>?54??0005008;$

?:>?54??0005008;$?:>?54??0005008;$

?:>?54??0005008;$?:>?54??0005008;$

?:>?54??0005008;$
?:>?54??0005008;$?:>?54??0005008;$

?:>?54??0005008;$
?:>?54??0005008;$?:>?54??0005008;$

?:>?54??0005008;$
?:>?54??0005008;$?:>?54??0005008;$

?:>?54??0005008;$
?:>?54??0005008;$?:>?54??0005008;$

?:>?54??0005008;$?:>?54??0005008;$

?:>?54??0005008;$
?:>?54??0005008;$?:>?54??0005008;$

?:>?54??0005008;$
?:>?54??0005008;$?:>?54??0005008;$

?:>?54??0005008;$?:>?54??0005008;$
?:>?54??0005008;$

?:>?54??0005008;$
?:>?54??0005008;$?:>?54??0005008;$
?:>?54??0005008;$

?:>?54??0005008;$
?:>?54??0005008;$?:>?54??0005008;$

?:>?54??0005008;$
?:>?54??0005008;$?:>?54??0005008;$

?:>?54??0005008;$
?:>?54??0005008;$?:>?54??0005008;$

?:>?54??0005008;$
?:>?54??0005008;$?:>?54??0005008;$

?:>?54??0005008;$?:>?54??0005008;$

?:>?54??0005008;$?:>?44??0005008:$

?:>?44??0005008:$
?:>?44??0005008:$?:>?44??0005008:$

?:>?44??0005008:$
?:>?44??0005008:$?:>?44??0005008:$

?:>?44??0005008:$
?:>?44??0005008:$?:>?44??0005008:$

?:>?44??0005008:$
?:>?44??0005008:$?:>?44??0005008:$
?:>?44??0005008:$
?:>?44??0005008:$
?:>?44??0005008:$

?:>?44??0005008:$
?:>?44??0005008:$?:>?44??0005008:$

?:>?44??0005008:$
?:>?44??0005008:$?:>?44??0005008:$

?:>?44??0005008:$
?:>?44??0005008:$?:>?44??0005008:$

?:>?44??0005008:$
?:>?44??0005008:$?:>?44??0005008:$

?:>?44??0005008:$?:>?44??0005008:$

?:>?44??0005008:$
?:>?44??0005008:$?:>?44??0005008:$

?:>?44??0005008:$
?:>?44??0005008:$?:>?44??0005008:$

?:>?44??0005008:$
?:>?44??0005008:$?:>?44??0005008:$

?:=?44??00050089$
?:=?44??00050089$?:=?44??00050089$

?:=?44??00050089$?:=?44??00050089$
?:=?44??00050089$

?:=?44??00050089$
?:=?44??00050089$?:=?44??00050089$

?:=?44??00050089$
?:=?44??00050089$?:=?44??00050089$

?:=?44??00050089$?:=?44??00050089$

?:=?44??00050089$
?:=?44??00050089$?:=?44??00050089$

?:=?44??00050089$?:=?44??00050089$
?:=?44??00050089$

?:=?44??00050089$
?:=?44??00050089$?:=?44??00050089$

?:=?44??00050089$
?:=?44??00050089$?:=?44??00050089$

?:=?44??00050089$
?:=?44??00050089$?:=?44??00050089$

?:=?44??00050089$?:=?44??00050089$

?:=?44??00050089$
?:=?44??00050089$?:=?44??00050089$

?:=?44??00050089$?:=?44??00050089$

?:=?44??00050089$
?:=?44??00050089$?:=?44??00050089$

?:=?44??00050089$
?:=?44??00050089$?:=?44??00050089$

?300:059961;$
?:=?44??00050089$?:=?44??00050089$

?:=?44??00050089$?:=?44??00050089$

?:=?44??00050089$?:=?44??00050089$

?:=?44??00050089$
?:=?44??00050089$?:=?44??00050089$

?:=?44??00050089$
?:=?44??00050089$?:=?44??00050089$

?:=?44??00050089$
?:=?44??00050089$?:=?44??00050089$

?:=?44??00050089$
?:=?44??00050089$?:=?44??00050089$

?:=?44??00050089$
?:=?44??00050089$?:=?34??00050088$

?:=?34??00050088$
?:=?34??00050088$?:=?34??00050088$

?:=?34??00050088$?:=?34??00050088$

?:=?34??00050088$
?:=?34??00050088$?:=?34??00050088$

?:=?34??00050088$
?:=?34??00050088$?:=?34??00050088$

?:=?34??00050088$
?:=?34??00050088$?:=?34??00050088$

?:=?34??00050088$
?:=?34??00050088$?:=?34??00050088$

?:=?34??00050088$
?:=?34??00050088$?:=?34??00050088$

?:=?34??00050088$
?:=?34??00050088$?:=?34??00050088$
?:=?34??00050088$

?:=?34??00050088$
?:=?34??00050088$?:=?34??00050088$

?:=?34??00050088$
?:=?34??00050088$
?:=?34??00050088$?:=?34??00050088$

?:=?34??00050088$?:=?34??00050088$
?:=?34??00050088$

?:=?34??00050088$
?:=?34??00050088$?:=?34??00050088$

?:=?34??00050088$
?:=?34??00050088$?:=?34??00050088$

?100:0::;;16$
?:=?34??00050088$?:=?34??00050088$

?:=?34??00050088$?:=?34??00050088$

?:=?34??00050088$
?:=?34??00050088$
?:=?34??00050088$?:=?34??00050088$

?:=?34??00050088$
?400:0=:5;16$?:=?34??00050088$

?:=?34??00050088$?:=?34??00050088$

?:=?34??00050088$
?:=?34??00050088$?:=?34??00050088$

?:=?34??00050088$?:=?34??00050088$
?:=?34??00050088$

?:=?34>?00050087$
?:=?34>?00050087$?:=?34>?00050087$

?:=?34>?00050087$
?:=?34>?00050087$?:=?34>?00050087$

?:=?34>?00050087$?:=?34>?00050087$
?:=?34>?00050087$

?:=?34>?00050087$
?500:04;7;11$?:=?34>?00050087$

?:=?34>?00050087$?:=?34>?00050087$

?:=?34>?00050087$
?:=?34>?00050087$?:=?34>?00050087$

?:=?34>?00050087$
?:=?34>?00050087$?:=?34>?00050087$

?:=?34>?00050087$
?:=?34>?00050087$?:=?34>?00050087$

?:=?34>?00050087$
?:=?34>?00050087$?:=?34>?00050087$

?:=?34>?00050087$?:=?34>?00050087$
?:=?34>?00050087$

?:=?34>?00050087$
?:=?34>?00050087$?:=?34>?00050087$

?:=?34>?00050087$
?:=?34>?00050087$?:=?34>?00050087$

?:=?34>?00050087$
?:=?34>?00050087$?:=?34>?00050087$

?:=?34>?00050087$
?:=?34>?00050087$?:=?34>?00050087$
?:=?34>?00050087$

?:=?34>?00050087$
?:=?34>?00050087$?:=?34>?00050087$

?:=?34>?00050087$
?:=?34>?00050087$?:=?34>?00050087$

?:=?34>?00050087$
?:=?24>?00050086$?:=?24>?00050086$

?:=?24>?00050086$?:=?24>?00050086$
?:=?24>?00050086$

?:=?24>?00050086$
?:=?24>?00050086$?:=?24>?00050086$

?300:04<0<1:$
?400:0=:5;16$?100:0::;;16$

?300:04<0<1:$
?:=?24>?00050086$?:=?24>?00050086$

?:=?24>?00050086$
?:=?24>?00050086$?:=?24>?00050086$

?:=?24>?00050086$
?:=?24>?00050086$?:<?24>?00050085$

?:<?24>?00050085$
?:<?24>?00050085$?:<?24>?00050085$

?:<?24>?00050085$
?:<?24>?00050085$?:<?24>?00050085$

?:<?24>?00050085$
?:<?24>?00050085$?:<?24>?00050085$
?:<?24>?00050085$

?:<?24>?00050085$
?:<?24>?00050085$?:<?24>?00050085$
?:<?24>?00050085$

?:<?24>?00050085$
?:<?24>?00050085$?:<?24>?00050085$

?:<?24>?00050085$
?:<?23>?00050084$?:<?23>?00050084$

?:<?23>?00050084$
?:<?23>?00050084$?:<?23>?00050084$

?:<?23>?00050084$
?:<?23>?00050084$?:<?23>?00050084$

?:<?23>?00050084$
?:<?23>?00050084$?:<?23>?00050084$

?:<?23>?00050084$
?:<?23>?00050084$?:<?23>?00050084$

?:<?23>?00050084$
?:<?23>?00050084$?:<?23>?00050084$

?:<?23>?00050084$?:<?23>?00050084$

?:<?23>?00050084$
?:<?23>?00050084$?:<?23>?00050084$

?:<?23>?00050084$
?:<?23>?00050084$?:<?23>?00050084$

?:<?23>?00050084$?:<?23>?00050084$
?:<?23>?00050084$
?:<?23>?00050084$
?:<?23>?00050084$
?:<?23>?00050084$
?:<?23>?00050084$
?:<?23>?00050084$
?:<?23>?00050084$
?:<?23>?00050084$
?:<?23>?00050084$
?:<?23>?00050084$
?:<?23>?00050084$
?:<?23>?00050084$
?:<?23>?00050084$
?:<?23>?00050084$
?:<?23>?00050084$

?:<?23>?00050084$
?:<?23>?00050084$?:<?23>?00050084$

?:<?23>?00050084$
?:<?23>?00050084$?:<?23>?00050084$

?:<?23>?00050084$
?:<?23>?00050084$?:<?23>?00050084$

?:<?23>?00050084$
?:<?23>?00050084$?:<?23>?00050084$

?:<?23>?00050084$?:<?23>?00050084$

?:<?23>?00050084$
?:<?23>?00050084$?:<?23>?00050084$

?:<?23>?00050084$
?:<?13>?00050083$?:<?13=?00050082$

?:<?13=?00050082$
?:<?13=?00050082$?:<?13=?00050082$

?:<?13=?00050082$?:<?13=?00050082$
?:<?13=?00050082$
?:<?13=?00050082$
?:<?13=?00050082$
?:<?13=?00050082$

?:<?13=?00050082$
?:<?13=?00050082$?:<?13=?00050082$

?:<?13=?00050082$
?:<?13=?00050082$?:<?13=?00050082$

?:<?13=?00050082$
?:<?13=?00050082$?:<?13=?00050082$

?:<?13=?00050082$
?:<?13=?00050082$?:<?13=?00050082$

?:<?13=?00050082$?:<?13=?00050082$
?:<?13=?00050082$

?:<?13=?00050082$
?:<?13=?00050082$?:;?13=?00050081$

?:;?13=?00050081$
?:;?13=?00050081$?:;?13=?00050081$

?:;?13=?00050081$
?:;?13=?00050081$?:;?13=?00050081$

?:;?13=?00050081$
?:;?13=?00050081$?:;?13=?00050081$
?:;?13=?00050081$

?:;?13=?00050081$
?:;?13=?00050081$?:;?13=?00050081$

?:;?13=?00050081$
?:;?13=?00050081$?:;?13=?00050081$

?:;?13=?00050081$
?:;?13=?00050081$?:;?13=?00050081$

?:;?13=?00050081$
?:;?13=?00050081$?:;?13=?00050081$

?:;?13=?00050081$
?:;?13=?00050081$
?:;?13=?00050081$?:;?13=?00050081$

?:;?13=?00050081$
?:;?13=?00050081$?:;?13=?00050081$

?:;?12=?00050080$
?:;?12=?00050080$?:;?12=?00050080$

?:;?12=?00050080$
?:;?12=?00050080$?:;?12=?00050080$

?:;?12=?00050080$
?:;?12=?00050080$?:;?12=?00050080$
?:;?12=?00050080$

?:;?12=?00050080$
?:;?12=?00050080$?:;?12=?00050080$

?:;?12=?00050080$
?:;?12=?00050080$?:;?12=?00050080$

?:;?12=?00050080$
?:;?12=?00050080$?:;?12=?00050080$

?:;?12=?00050080$
?:;?12=?00050080$?:;?12=?00050080$

?:;?12=?00050080$
?:;?12=?00050080$?:;?12=?00050080$

?:;?12=?00050080$
?:;?12=?00050080$?:;?12=?00050080$

?:;?12=?00050080$?:;?12=?00050080$
?:;?12=?00050080$

?:;?12=?00050080$
?:;?12=?00050080$?:;?12=?00050080$

?:;?12=?00050080$
?:;?12=?00050080$?:;?12=?00050080$

?:;?12=?00050080$
?:;?12=?00050080$?:;?12=?00050080$

?:;?12=?00050080$
?:;?12=?00050080$?:;?12=?00050080$

?:;?12=?00050080$
?:;?12=?00050080$?:;?12=?00050080$

?:;?02=?0005008?$
?:;?02=?0005008?$?:;?02=?0005008?$

?:;?02=?0005008?$
?:;?02=?0005008?$?:;?02=?0005008?$

?:;?02=?0005008?$
?:;?02=?0005008?$?:;?02=?0005008?$

?:;?02=?0005008?$
?:;?02=?0005008?$?:;?02=?0005008?$

?:;?02=?0005008?$
?:;?02=?0005008?$?:;?02=?0005008?$

?:;?02=?0005008?$
?:;?02=?0005008?$?:;?02=?0005008?$

?:;?02=?0005008?$
?:;?02=?0005008?$?:;?02=?0005008?$

?:;?02=?0005008?$?:;?02=?0005008?$
?:;?02=?0005008?$

?:;?02<?0005008>$
?400;0016219$?:;?02<?0005008>$

?::?02<?0005008=$
?::?02<?0005008=$?::?02<?0005008=$

?100;011>815$
?::?02<?0005008=$?::?02<?0005008=$

?::?02<?0005008=$
?::?02<?0005008=$?::?02<?0005008=$
?::?02<?0005008=$
?::?02<?0005008=$
?::?02<?0005008=$
?::?02<?0005008=$

?::?02<?0005008=$
?::?02<?0005008=$?::?02<?0005008=$

?::?02<?0005008=$
?::?02<?0005008=$?::?02<?0005008=$

?::?02<?0005008=$
?::?02<?0005008=$?::?02<?0005008=$

?::?02<?0005008=$
?::?02<?0005008=$?::?02<?0005008=$

?::?02<?0005008=$?::?02<?0005008=$

?::?02<?0005008=$
?::?02<?0005008=$?::?02<?0005008=$

?::?02<?0005008=$
?::?02<?0005008=$?::?02<?0005008=$

?::?01<?0005008<$
?::?01<?0005008<$?::?01<?0005008<$

?::?01<?0005008<$
?::?01<?0005008<$?::?01<?0005008<$

?::?01<?0005008<$?::?01<?0005008<$
?::?01<?0005008<$

?::?01<?0005008<$
?::?01<?0005008<$?::?01<?0005008<$

?::?01<?0005008<$?::?01<?0005008<$
?::?01<?0005008<$

?::?01<?0005008<$
?::?01<?0005008<$?::?01<?0005008<$

?::?01<?0005008<$
?::?01<?0005008<$?::?01<?0005008<$

?::?01<?0005008<$
?::?01<?0005008<$?::?01<?0005008<$

?::?01<?0005008<$
?::?01<?0005008<$?::?01<?0005008<$

?::?01<?0005008<$
?::?01<?0005008<$?::?01<?0005008<$

?::?01<?0005008<$
?::?01<?0005008<$?::?01<?0005008<$

?::?01<?0005008<$
?::?01<?0005008<$?::?01<?0005008<$

?::?01<?0005008<$
?::?01<?00054080$?::?01<?00054080$

?::?11<?00054081$
?::?11<?00054081$?::?11<?00054081$

?::?11<?00054081$?::?11<?00054081$

?::?11<?00054081$
?::?11<?00054081$?::?11<?00054081$

?::?11<?00054081$
?::?11<?00054081$?::?21<?00054082$
?::?21<?00054082$

?::?21<?00054082$
?::?21<?00054082$?::?21<?00054082$

?::?21<?00054082$
?::?21<?00054082$?::?21<?00054082$

?::?31<?00054083$?500;0?2=;1:$

?::?31<?00054083$
?::?31<?00054083$?::?31<?00054083$

?::?31<?00054083$
?::?31<?00054083$?::?31<?00054083$
?::?41<?00054084$

?::?41<?00054084$?::?41<?00054084$

?::?41<?00054084$
?::?41<?00054084$?::?41<?00054084$

?::?41<?00054084$?::?41<?00054084$
?::?51<?00054085$

?::?51<?00054085$
?::?51<?00054085$?::?51<?00054085$

?:9?51<?00054084$
?:9?51<?00054084$?:9?51<?00054084$

?:9?61<?00054085$
?:9?61<?00054085$?:9?61<?00054085$

?:9?61<?00054085$
?:9?61<?00054085$?:9?61<?00054085$

?:9?61<?00054085$
?:9?61<?00054085$?:9?61<?00054085$

?:9?61<?00050081$
?:9?61<?00050081$?100;0:38?11$

?:9?61<?00050081$?:9?61<?00050081$

?:9?61<?00050081$
?:9?61<?00050081$?:9?61<?00050081$

?:9?61<?00050081$
?:9?61<?00050081$?:9?61<?00050081$

?:9?61<?00050081$
?:9?61<?00050081$?:9?61<?00050081$

?:9?61<?00050081$
?:9?61<?00050081$?:9?61<?00050081$

?:9?61<?00050081$
?:9?61<?00050081$?:9?61<?00050081$

?:9?61<?00050081$
?:9?61<?00050081$?:9?61<?00050081$

?:9?61<?00050081$
?:9?61<?00050081$?:9?61<?00050081$

?:9?61<?00050081$
?:9?61<?00050081$?:9?61<?00050081$

?:9?61<?00050081$
?:9?61<?00050081$?:9?61<?00050081$

?:9?61<?00050081$?:9?61<?00050081$

?:9?61<?00050081$?:9?61<?00050081$
?:9?61<?00050081$

?:9?61<?00050081$
?:9?61<?00050081$?:9?61<?00050081$

?:9?61<?00050081$
?:9?61<?00050081$?:9?61<?00050081$

?:9?61<?00050081$?:9?61<?00050081$
?:9?61;?00050080$

?:9?61;?00050080$
?:9?61;?00050080$?:9?61;?00050080$

?:9?61;?00050080$
?:9?61;?00050080$?:9?61;?00050080$

?:9?61;?00050080$
?:9?61;?00050080$?:9?61;?00050080$

?:9?61;?00050080$
?:9?61;?00050080$?:9?61;?00050080$

?:9?61;?00050080$
?:9?61;?00050080$?:9?61;?00050080$
?:9?61;?00050080$
?:9?61;?00050080$
?:9?61;?00050080$

?:9?61;?00050080$
?:9?61;?00050080$?:9?61;?00050080$

?:9?61;?00050080$
?:9?61;?00050080$?:9?61;?00050080$
?:9?61;?00050080$

?:9?61;?00050080$
?:9?61;?00050080$?:9?61;?00050080$

?:9?61;?00050080$
?:9?61;?00050080$?:9?61;?00050080$

?:9?61;?00050080$?:9?61;?00050080$

?:9?61;?00050080$
?:9?61;?00050080$?:9?61;?00050080$

?:9?61;?00050080$
?:9?61;?00050080$?:9?61;?00050080$

?:9?61;?00050080$
?:9?61;?00050080$?:9?61;?00050080$

?:9?61;?00050080$
?:9?61;?00050080$?:9?61;?00050080$

?:9?61;?00050080$?:9?61;?00050080$
?:9?61;?00050080$

?:9?61;?00050080$
?:9?61;?00050080$?:9?61;?00050080$

?:9?61;?00050080$?:9?61;?00050080$

?:9?61;?00050080$
?:9?61;?00050080$
?:9?61;?00050080$?:9?61;?00050080$

?:9?61;?00050080$?:9?61;?00050080$
?:9?61;?00050080$
?:9?61;?00050080$
?:9?61;?00050080$

?:9?61;?00050080$
?:9?61;?00050080$?:9?61;?00050080$

?:9?61;?00050080$
?:9?61;?00050080$?:9?61;?00050080$

?:9?61;?00050080$?:9?61;?00050080$
?:9?61;?00050080$

?:9?61;?00050080$
?:9?61;?00050080$?:9?61;?00050080$

?:9?61;?00050080$?:9?61;?00050080$
?:9?61;?00050080$

?:9?61;?00050080$
?:9?61;?00050080$?:9?61;?00050080$

?:9?61;?00050080$
?:9?61;?00050080$?:9?61;?00050080$

?:9?61;?00050080$
?:9?61;?00050080$?:9?61;?00050080$

?:9?61;?00050080$?500;0766=11$

?400;0016219$
?100;0:38?11$
?500;0766=11$?:9?61;?00050080$

?:9?61;?00050080$?:9?61;?00050080$

?:9?61;?00050080$
?:9?61;?00050080$?:9?61;?00050080$

?:9?61;?00050080$
?:9?61;?00050080$?:9?61;?00050080$

?:9?61;?00050080$
?:9?61;?00050080$?:9?61;?00050080$

?:9?61;?00050080$
?:9?61;?00050080$?:9?61;?00050080$

?:9?61;?00050080$
?:9?61;?00050080$?:9?61;?00050080$

?:9?61;?00050080$?:9?61;?00050080$
?:9?61;?00050080$

?:9?61;?00050080$
?:9?61;?00050080$?:9?61;?00050080$

?:9?61;?00050080$
?:9?61;?00050080$?:9?61;?00050080$

?:9?61;?00050080$?:9?61;?00050080$
?:9?61;?00050080$

?:9?61;?00050080$
?:9?61;?00050080$?:9?61;?00050080$

?:9?61;?00050080$
?:9?61;?00050080$?:9?61;?00050080$

?:9?61;?00050080$
?:9?61;?00050080$?:9?61;?00050080$

?:9?61;?00050080$
?:9?61;?00050080$?:9?61;?00050080$
?:9?61;?00050080$

?:9?61;?00050080$
?:9?61;?00050080$?:9?61;?00050080$

?:9?61;?00050080$
?:9?61;?00050080$?:9?61;?00050080$

?:9?61;?00050080$
?:9?61;?00050080$?:9?61;?00050080$

?:9?61;?00050080$
?:9?61;?00050080$?:9?61;?00050080$

?:9?61;?00050080$
?:9?61;?00050080$?:9?61;?00050080$

?:9?61;?00050080$
?:9?61;?00050080$?:9?61;?00050080$

?:9?61;?00050080$
?:9?61;?00050080$?:9?61;?00050080$

?:9?61;?00050080$
?:9?61;?00050080$?:9?61;?00050080$

?:9?61;?00050080$
?:9?61;?00050080$?:9?61;?00050080$

?:9?61;?00050080$?:9?61;?00050080$

?:9?61;?00050080$?:9?61;?00050080$

?:9?61;?00050080$
?:9?61;?00050080$?:9?61;?00050080$

?:9?61;?00050080$
?:9?61;?00050080$?:9?61;?00050080$

?:9?61;?00050080$
?:9?61;?00050080$?:9?61;?00050080$

?:9?61;?00050080$
?:9?61;?00050080$?:9?61;?00050080$

?:9?61;?00050080$?:9?61;?00050080$
?:9?61;?00050080$

?:9?61;?00050080$
?:9?61;?00050080$?:9?61;?00050080$

?:9?61;?00050080$
?:9?61;?00050080$?:9?61;?00050080$

?:9?61;?00050080$
?:9?61;?00050080$?:9?61;?00050080$

?:9?61;?00050080$
?:9?61;?00050080$?:9?61;?00050080$

?:9?61;?00050080$?:9?61;?00050080$
?:9?61;?00050080$

?:9?61;?00050080$
?:9?61;?00050080$?:9?61;?00050080$

?:9?61;?00050080$
?:9?61;?00050080$?:9?61;?00050080$

?:9?60;?0005008?$?:9?60;?0005008?$

?:9?60;?0005008?$
?:9?60;?0005008?$?:9?60;?0005008?$
?:9?60;?0005008?$

?:9?60;?0005008?$
?:9?60;?0005008?$?:9?60;?0005008?$

?:9?60;?0005008?$
?:9?60;?0005008?$?:9?60;?0005008?$

?:9?60;?0005008?$
?:9?60;?0005008?$?:9?60;?0005008?$

?:9?60;?0005008?$
?:9?60;?0005008?$?:9?60;?0005008?$

?:9?60;?0005008?$
?:9?60;?0005008?$?:9?60;?0005008?$

?:9?60;?0005008?$
?:9?60;?0005008?$?:9?60;?0005008?$

?:9?60;?0005008?$
?:9?60;?0005008?$?:9?60;?0005008?$

?:9?60;?0005008?$?:9?60;?0005008?$

?:9?60;?0005008?$
?:9?60;?0005008?$?:9?60;?0005008?$

?:9?60;?0005008?$
?:9?60;?0005008?$
?:9?60;?0005008?$?:9?60;?0005008?$

?:9?60;?0005008?$
?:9?60;?0005008?$?:9?60;?0005008?$

?:9?60:?0005008>$
?:9?60:?0005008>$?:9?60:?0005008>$

?:9?60:?0005008>$
?:9?60:?0005008>$?:9?60:?0005008>$

?:9?60:?0005008>$?:9?60:?0005008>$
?:9?60:?0005008>$

?:9?60:?0005008>$
?:9?60:?0005008>$?:9?60:?0005008>$

?:9?60:?0005008>$
?:9?60:?0005008>$?:9?60:?0005008>$

?:9?60:?0005008>$
?:9?60:?0005008>$?:9?60:?0005008>$

?:9?60:?0005008>$?:9?60:?0005008>$
?:9?60:?0005008>$

?:9?60:?0005008>$
?:9?60:?0005008>$?:9?60:?0005008>$

?:9?60:?0005008>$
?:9?60:?0005008>$?:9?60:?0005008>$

?:9?60:?0005008>$
?:9?60:?0005008>$?:9?60:?0005008>$

?:9?60:?0005008>$
?:9?60:?0005008>$?:9?60:?0005008>$

?:9?60:?0005008>$
?:9?60:?0005008>$?:9?60:?0005008>$

?:9?60:?0005008>$?:9?60:?0005008>$

?:9?60:?0005008>$
?:9?60:?0005008>$
?:9?60:?0005008>$?:9?60:?0005008>$

?:9?60:?0005008>$
?:9?60:?0005008>$?:9?60:?0005008>$

?:9?60:?0005008>$
?:9?60:?0005008>$?:9?60:?0005008>$

?:9?60:?0005008>$
?:9?60:?0005008>$?:9?60:?0005008>$

?:9?60:?0005008>$?:9?60:?0005008>$

?:9?60:?0005008>$
?:9?60:?0005008>$?:9?60:?0005008>$
?:9?60:?0005008>$

?:9?60:?0005008>$?:9?60:?0005008>$

?:9?60:?0005008>$
?:9?60:?0005008>$?:9?60:?0005008>$

?:9?60:?0005008>$
?:9?60:?0005008>$?:9?60:?0005008>$

?:9?60:?0005008>$?:9?60:?0005008>$
?:9?60:?0005008>$

?:9?60:?0005008>$
?:9?50:?0005008=$?:9?50:?0005008=$

?:9?50:?0005008=$?:9?50:?0005008=$

?:9?50:?0005008=$
?:9?50:?0005008=$?:9?50:?0005008=$

?:9?50:?0005008=$?:9?50:?0005008=$

?:9?50:?0005008=$
?:9?50:?0005008=$?:9?50:?0005008=$

?:9?50:?0005008=$?:9?50:?0005008=$

?:9?50:?0005008=$
?:9?50:?0005008=$?:9?50:?0005008=$

?:9?50:?0005008=$?:9?50:?0005008=$
?:9?50:?0005008=$

?:8?50:?0005008<$?:8?50:?0005008<$

?:8?50:?0005008<$?:8?50:?0005008<$
?:8?50:?0005008<$

?:8?50:?0005008<$?:8?50:?0005008<$

?:8?50:?0005008<$
?:8?50:?0005008<$
?:8?50:?0005008<$?:8?50:?0005008<$

?:8?50:?0005008<$
?:8?50:?0005008<$?:8?50:?0005008<$

?:8?50:?0005008<$
?:8?50:?0005008<$?:8?50:?0005008<$

?:8?50:?0005008<$
?:8?50:?0005008<$?:8?50:?0005008<$

?:8?50:?0005008<$?:8?50:?0005008<$
?:8?50:?0005008<$

?:8?50:?0005008<$?:8?50:?0005008<$

?:8?50:?0005008<$
?:8?50:?0005008<$?:8?50:?0005008<$

?:8?50:?0005008<$?:8?50:?0005008<$

?:8?50:?0005008<$
?:8?50:?0005008<$?:8?50:?0005008<$

?:8?50:?0005008<$
?:8?50:?0005008<$?:8?50:?0005008<$

?:8?50:?0005008<$
?:8?50:?0005008<$?:8?50:?0005008<$
?:8?50:?0005008<$

?:8?50:?0005008<$?:8?50:?0005008<$

?:8?50:?0005008<$?:8?50:?0005008<$
?:8?50:?0005008<$

?:8?50:?0005008<$
?:8?50:?0005008<$?:8?50:?0005008<$

?:8?50:?0005008<$
?:8?50:?0005008<$?:8?50:?0005008<$

?:8?50:?0005008<$?:8?50:?0005008<$

?:8?50:?0005008<$
?:8?50:?0005008<$?:8?50:?0005008<$

?:8?50:?0005008<$
?:8?50:?0005008<$?:8?50:?0005008<$

?:8?50:?0005008<$
?:8?50:?0005008<$?:8?50:?0005008<$

?:8?50:?0005008<$
?:8?50:?0005008<$?:8?50:?0005008<$

?:8?50:?0005008<$
?:8?50:?0005008<$?:8?50:?0005008<$
?:8?50:?0005008<$

?:8?50:?0005008<$
?:8?50:?0005008<$?:8?50:?0005008<$

?:8?50:?0005008<$
?:8?50:?0005008<$?:8?50:?0005008<$

?:8?50:?0005008<$
?:8?50:?0005008<$?:8?50:?0005008<$

?:8?50:?0005008<$
?:8?50:?0005008<$?:8?50:?0005008<$

?:8?50:?0005008<$?:8?50:?0005008<$

?:8?50:?0005008<$
?:8?50:?0005008<$?:8?50:?0005008<$

?:8?50:?0005008<$
?:8?50:?0005008<$?:8?50:?0005008<$

?:8?50:?0005008<$
?500;08=3;14$?:8?50:?0005008<$

?:8?50:?0005008<$
?:8?50:?0005008<$?:8?50:?0005008<$

?:8?50:?0005008<$?:8?50:?0005008<$
?:8?50:?0005008<$

?:8?509?0005008;$
?:8?509?0005008;$?:8?509?0005008;$

?:8?509?0005008;$?:8?509?0005008;$

?:8?509?0005008;$
?:8?509?0005008;$?:8?509?0005008;$

?:8?509?0005008;$?:8?509?0005008;$
?:8?509?0005008;$

?:8?509?0005008;$
?:8?509?0005008;$?:8?509?0005008;$

?:8?509?0005008;$
?:8?509?0005008;$?:8?509?0005008;$

?:7?509?0005008:$
?:7?509?0005008:$?:7?509?0005008:$

?:7?509?0005008:$?:7?509?0005008:$
?:7?509?0005008:$

?:7?509?0005008:$
?:7?509?0005008:$?:7?509?0005008:$

?:7?509?0005008:$
?:7?509?0005008:$?:7?509?0005008:$

?:7?509?0005008:$
?:7?509?0005008:$?:7?409?00050089$

?:7?409?00050089$
?:7?409?00050089$?:7?409?00050089$

?:7?409?00050089$?:7?409?00050089$

?:7?409?00050089$
?:7?409?00050089$?:7?409?00050089$

?:7?409?00050089$
?:7?409?00050089$?:7?409?00050089$

?:7?409?00050089$?:7?409?00050089$

?:7?409?00050089$
?:7?409?00050089$?:7?409?00050089$

?:7?409?00050089$
?:7?409?00050089$?:7?409?00050089$

?:7?409?00050089$
?:7?409?00050089$?:7?409?00050089$

?:7?409?00050089$
?:7?409?00050089$?:7?409?00050089$

?:7?409?00050089$?:7?409?00050089$
?:7?409?00050089$

?:7?409?00050089$
?:7?409?00058081$?:7?419?00058082$

?:7?419?00058082$?:7?419?00058082$

?:7?419?00058082$?:7?419?00058082$
?:7?419?00058082$

?:7?419?00058082$
?:7?419?00058082$?:7?419?00058082$

?:7?419?00058082$?:7?419?00058082$

?:7?419?00058082$
?:7?429?00058083$?:7?429?00058083$

?:7?429?00058083$?:7?429?00058083$

?:7?429?00058083$
?:7?429?00058083$?:7?429?00058083$

?:7?429?00058083$
?:7?429?00058083$?:7?439?00058084$

?300;08?631?$?:7?439?00058084$
?:7?439?00058084$
?:7?439?00058084$

?:7?439?00058084$
?:7?439?00058084$?:7?439?00058084$

?:7?449?00058085$
?:7?449?00058085$?:7?449?00058085$

?:7?449?00058085$?:7?449?00058085$
?:7?449?00058085$

?:7?449?00058085$?:7?449?00058085$

?:7?459?00058086$
?:7?459?00058086$?:7?459?00058086$

?:7?459?00058086$
?:7?459?00058086$?:7?459?00058086$

?:7?459?00058086$
?:7?459?00058086$?:7?469?00058087$

?:7?469?00058087$
?:7?469?00058087$?:7?469?00058087$

?:7?469?00058087$
?:7?469?00058087$?:7?469?00058087$

?:7?469?00058087$?:7?469?00058087$

?:7?479?00058088$?:7?479?00058088$
?:7?479?00058088$

?:7?479?00058088$
?:7?479?00058088$?100<040?>1?$

?:7?479?00058088$?:7?479?00058088$

?:7?479?00058088$?:7?479?00058088$
?:7?479?00058088$

?:7?379?00058087$
?:7?379?00058087$?:7?379?00058087$

?:7?379?00058087$?:7?379?00058087$

?:7?379?00058087$
?:7?379?00058087$?:7?379?00058087$

?:7?379?00058087$
?:7?379?00058087$?:7?379?00058087$

?:7?379?00058087$?:7?379?00058087$

?:7?379?0005008?$
?500<0<0101?$?:7?379?0005008?$

?:7?379?0005008?$?:7?379?0005008?$

?:7?379?0005008?$
?:7?379?0005008?$?:7?379?0005008?$

?:7?379?0005008?$
?:7?379?0005008?$?:7?379?0005008?$

?:7?379?0005008?$?:7?378?0005008>$

?:7?378?0005008>$
?:7?378?0005008>$?:7?378?0005008>$

?:7?378?0005008>$
?:7?378?0005008>$?:7?378?0005008>$

?:7?378?0005008>$
?:7?378?0005008>$?:7?378?0005008>$

?:7?378?0005008>$
?:7?378?0005008>$?:7?378?0005008>$

?:7?378?0005008>$
?:7?378?0005008>$?:7?378?0005008>$

?:7?378?0005008>$?:7?378?0005008>$

?:7?378?0005008>$
?:7?378?0005008>$?:7?378?0005008>$

?:7?378?0005008>$?:7?378?0005008>$
?:7?378?0005008>$

?:7?378?0005008>$
?:7?378?0005008>$?:7?378?0005008>$

?:7?378?0005008>$
?:7?378?0005008>$?:7?378?0005008>$

?:7?378?0005008>$
?:7?378?0005008>$?:7?378?0005008>$

?:7?378?0005008>$?:7?378?0005008>$

?:7?378?0005008>$?:7?378?0005008>$
?:7?378?0005008>$

?:7?378?0005008>$?:7?378?0005008>$

?:7?378?0005008>$
?:7?378?0005008>$?:7?378?0005008>$

?:7?378?0005008>$
?:7?378?0005008>$?:7?378?0005008>$

?:6?378?0005008=$
?:6?378?0005008=$?:6?378?0005008=$

?:6?378?0005008=$?:6?378?0005008=$

?:6?378?0005008=$
?:6?378?0005008=$?:6?378?0005008=$

?:6?378?0005008=$?:6?378?0005008=$

?300<0222<12$
?400;0?68714$?300<0222<12$

?100<040?>1?$
?:6?378?0005008=$?:6?378?0005008=$

?:6?378?0005008=$?:6?378?0005008=$

?:6?278?0005008<$?:6?278?0005008<$

?:6?278?0005008<$?:6?278?0005008<$

?:6?268?0005008;$
?:6?268?0005008;$
?:6?268?0005008;$?:6?268?0005008;$

?:6?268?0005008;$
?:6?268?0005008;$?:6?268?0005008;$

?:6?268?0005008;$
?:6?268?0005008;$?:6?268?0005008;$

?:6?268?0005008;$?:6?268?0005008;$
?:6?268?0005008;$

?:6?268?0005008;$?:6?268?0005008;$

?:6?268?0005008;$
?:6?268?0005008;$?:6?268?0005008;$

?:6?268?0005008;$
?:6?268?0005008;$?:6?268?0005008;$

?:6?268?0005008;$
?:6?268?0005008;$?:6?268?0005008;$

?:6?268?0005008;$
?:6?268?0005008;$
?:6?268?0005008;$?:6?268?0005008;$

?:6?268?0005008;$?:6?268?0005008;$

?:6?268?0005008;$
?:6?268?0005008;$?:6?268?0005008;$

?:6?268?0005008;$
?:6?268?0005008;$?:6?268?0005008;$

?:6?268?0005008;$
?:6?268?0005008;$?:6?268?0005008;$

?:6?268?0005008;$
?:6?268?0005008;$?:6?268?0005008;$
?:6?268?0005008;$

?:6?268?0005008;$
?:6?268?0005008;$?:6?268?0005008;$

?:6?268?0005008;$
?:6?268?0005008;$?:6?268?0005008;$

?:6?268?0005008;$
?:6?268?0005008;$?:6?268?0005008;$

?:6?268?0005008;$
?:6?268?0005008;$?:6?268?0005008;$

?:6?268?0005008;$?:6?268?0005008;$
?:6?268?0005008;$

?:6?268?0005008;$
?:6?268?0005008;$?:6?268?0005008;$

?:6?268?0005008;$
?:6?268?0005008;$?:6?268?0005008;$

?:6?268?0005008;$
?:6?268?0005008;$?:6?268?0005008;$

?:6?268?0005008;$
?:6?268?0005008;$?:6?268?0005008;$

?:6?267?0005008:$
?:6?267?0005008:$?:6?267?0005008:$

?:6?267?0005008:$
?:6?267?0005008:$?:6?267?0005008:$

?:6?267?0005008:$
?:6?267?0005008:$?:6?267?0005008:$

?:6?267?0005008:$
?:6?267?0005008:$?:6?267?0005008:$

?:6?267?0005008:$
?:6?267?0005008:$?:6?267?0005008:$
?:6?267?0005008:$

?:5?267?00050089$
?:5?267?00050089$?:5?267?00050089$

?:5?267?00050089$
?:5?267?00050089$?:5?267?00050089$

?:5?267?00050089$
?:5?267?00050089$?:5?267?00050089$

?:5?267?00050089$
?:5?267?00050089$?:5?267?00050089$

?:5?267?00050089$
?:5?267?00050089$?:5?267?00050089$

?:5?267?00050089$
?:5?267?00050089$?:5?267?00050089$

?:5?267?00050089$
?:5?267?00050089$?:5?267?00050089$

?:5?267?00050089$
?:5?267?00050089$?:5?267?00050089$

?:5?267?00050089$
?:5?267?00050089$?:5?267?00050089$

?:5?267?00050089$
?:5?267?00050089$?:5?267?00050089$

?:5?267?00050089$
?:5?267?00050089$?:5?267?00050089$

?:5?267?00050089$
?:5?267?00050089$?:5?267?00050089$

?:5?267?00050089$
?:5?267?00050089$?:5?267?00050089$

?:5?267?00050089$
?:5?267?00050089$?:5?267?00050089$

?:5?267?00050089$
?:5?267?00050089$?:5?267?00050089$

?:5?267?00050089$?:5?267?00050089$
?:5?267?00050089$

?:5?267?00050089$
?:5?267?00050089$?:5?267?00050089$

?:5?267?00050089$
?:5?267?00050089$?:5?267?00050089$

?:5?267?00050089$
?:5?267?00050089$?:5?267?00050089$

?:5?267?00050089$?:5?267?00050089$
?:5?267?00050089$

?:5?267?00050089$?:5?267?00050089$

?:5?267?00050089$?:5?267?00050089$
?:5?267?0005108:$

?100<0:59016$?:5?267?0005108:$

?:5?267?0005108:$
?:5?267?0005108:$?:5?267?0005108:$

?:5?267?0005108:$
?:5?267?0005108:$?:5?267?0005108:$

?:6?267?0005108;$
?:6?267?0005108;$?:6?267?0005108;$

?:6?167?0005108:$
?:6?167?0005108:$?:6?167?0005108:$

?:6?167?0005108:$
?:7?167?0005108;$?:7?167?0005108;$

?:7?167?0005108;$
?:7?167?0005108;$?:7?167?0005108;$

?:7?167?0005108;$
?:7?167?0005108;$?:7?167?0005108;$

?:7?167?0005108;$
?:8?167?0005108<$?:8?167?0005108<$

?:8?167?0005108<$?:8?167?0005108<$
?:8?167?0005108<$

?:8?167?0005108<$
?:8?167?0005108<$?:8?167?0005108<$

?:9?167?0005108=$
?:9?167?0005108=$?:9?167?0005108=$

?:9?167?0005108=$
?:9?167?0005108=$?:9?167?0005108=$

?:9?167?0005108=$
?:9?167?0005108=$?:9?167?0005108=$

?:9?167?0005108=$
?:9?167?0005108=$?:9?167?0005108=$

?:9?167?0005108=$
?:9?167?0005108=$?:9?167?0005108=$

?:9?167?0005108=$
?:9?167?0005108=$?:9?167?0005108=$

?300<0;6<310$?:9?167?0005108=$

?:9?167?0005108=$?:9?167?0005108=$
?:9?167?0005108=$

?:9?167?0005108=$?:9?167?0005108=$

?:9?167?0005108=$
?:9?167?0005108=$?:9?167?0005108=$

?:9?167?0005108=$
?:9?167?0005108=$?:9?157?0005108<$

?:9?157?0005108<$?:9?157?0005108<$
?:9?157?0005108<$

?:9?157?0005108<$?:9?157?0005108<$

?:9?157?0005108<$?:9?157?0005108<$

?:9?157?0005108<$
?:9?157?0005108<$?:9?157?0005108<$

?::?157?0005108=$
?::?157?0005108=$?::?157?0005108=$

?::?157?0005108=$?::?157?0005108=$
?::?157?0005108=$
?::?157?0005108=$

?:;?157?0005108>$
?:;?157?0005108>$?:;?157?0005108>$

?:;?157?0005108>$?:;?157?0005108>$

?:;?157?0005108>$
?:;?157?0005108>$?:;?157?0005108>$

?:;?157?0005108>$
?:<?157?0005108?$?:<?157?0005108?$

?:<?157?0005108?$
?:<?157?0005108?$?:<?157?0005108?$
?:<?157?0005108?$

?:<?157?0005108?$
?:<?157?0005108?$?:<?157?0005108?$

?:<?157?0005108?$
?:<?157?0005108?$?:<?157?0005108?$

?:<?157?0005108?$
?:<?157?0005108?$?:<?157?0005108?$

?:<?157?0005108?$
?:<?157?0005108?$?:<?157?0005108?$

?:<?157?0005108?$?:<?157?0005108?$

?:<?157?0005108?$?:<?157?0005108?$
?:<?157?0005108?$

?:<?157?0005108?$
?:<?157?0005108?$?:<?157?0005108?$

?:<?157?0005008>$
?:<?157?0005008>$?:<?157?0005008>$

?:<?157?0005008>$
?:<?157?0005008>$?:<?157?0005008>$

?:<?157?0005008>$
?400<0483414$?:;?157?0005008=$

?:;?157?0005008=$
?:;?157?0005008=$?:;?157?0005008=$

?:;?157?0005008=$
?:;?157?0005008=$?:;?157?0005008=$

?:;?157?0005008=$?:;?157?0005008=$
?:;?157?0005008=$

?500<0780=1>$
?:;?157?0005008=$?:;?157?0005008=$

?:;?157?0005008=$?:;?157?0005008=$
?:;?157?0005008=$

?:;?157?0005008=$?:;?157?0005008=$

?:;?157?0005008=$
?:;?157?0005008=$?:;?157?0005008=$

?:;?157?0005008=$?:;?157?0005008=$

?:;?157?0005008=$
?:;?157?0005008=$?:;?157?0005008=$

?:;?157?0005008=$?:;?157?0005008=$
?:;?157?0005008=$
?:;?157?0005008=$

?:;?157?0005008=$?:;?157?0005008=$

?:;?157?0005008=$
?:;?157?0005008=$?:;?157?0005008=$

?:;?157?0005008=$?:;?157?0005008=$

?:;?157?0005008=$
?:;?157?0005008=$
?:;?157?0005008=$?:;?157?0005008=$

?:;?057?0005008<$
?:;?057?0005008<$?:;?057?0005008<$

?:;?057?0005008<$
?:;?057?0005008<$?:;?056?0005008;$

?:;?056?0005008;$
?:;?056?0005008;$?:;?056?0005008;$

?:;?056?0005008;$
?:;?056?0005008;$?:;?056?0005008;$

?:;?056?0005008;$
?:;?056?0005008;$?:;?056?0005008;$

?:;?056?0005008;$
?:;?056?0005008;$?:;?056?0005008;$

?:;?056?0005008;$?:;?056?0005008;$
?:;?046?0005008:$

?:;?046?0005008:$?:;?046?0005008:$

?:;?046?0005008:$
?:;?046?0005008:$?:;?046?0005008:$

?:;?046?0005008:$
?:;?046?0005008:$?:;?046?0005008:$

?:;?046?0005008:$?:;?046?0005008:$
?:;?046?0005008:$

?:;?046?0005008:$
?:;?046?0005008:$?:;?046?0005008:$

?:;?046?0005008:$
?:;?046?0005008:$?:;?046?0005008:$

?:;?046?0005008:$
?:;?046?0005008:$?:;?046?0005008:$

?:;?046?0005008:$
?:;?046?0005008:$?:;?046?0005008:$

?:;?046?0005008:$
?:;?046?0005008:$?:;?046?0005008:$

?:;?046?0005008:$
?:;?046?0005008:$?:;?046?0005008:$

?:;?046?0005008:$?:;?046?0005008:$

?:;?046?0005008:$
?:;?046?0005008:$?:;?046?0005008:$

?:;?046?0005008:$?:;?046?0005008:$

?:;?046?0005008:$
?:;?046?0005008:$?:;?046?0005008:$

?:;?046?0005008:$?:;?046?0005008:$
?:;?046?0005008:$

?:;?046?0005008:$
?:;?046?0005008:$?:;?046?0005008:$

?:;?046?0005008:$
?:;?046?0005008:$?:;?046?0005008:$

?:;?046?0005008:$
?:;?046?0005008:$?:;?046?0005008:$

?:;?046?0005008:$
?:;?046?0005008:$?:;?046?0005008:$
?:;?046?0005008:$

?:;?046?0005008:$
?:;?046?0005008:$?:;?046?0005008:$

?:;?046?0005008:$
?:;?046?0005008:$?:;?046?0005008:$

?:;?046?0005008:$
?:;?046?0005008:$?:;?046?0005008:$

?:;?046?0005008:$
?:;?046?0005008:$?:;?046?0005008:$

?:;?046?0005008:$
?:;?046?0005008:$?:;?046?0005008:$

?:;?046?0005008:$
?:;?046?0005008:$?:;?046?0005008:$

?:;?046?0005008:$
?:;?046?0005008:$?:;?046?0005008:$
?:;?046?0005008:$

?:;?046?0005008:$
?:;?046?0005008:$?:;?046?0005008:$

?:;?046?0005008:$?:;?046?0005008:$
?:;?046?0005008:$
?:;?046?0005008:$

?:;?046?0005008:$
?:;?046?0005008:$?:;?046?0005008:$

?:;?046?0005108;$
?100<07;?=1<$?100<07;?=1<$

?500<0780=1>$
?400<0483414$?:;?046?0005108;$

?:;?046?0005108;$?:;?046?0005108;$

?:;?046?0005108;$?:;?046?0005108;$

?:;?046?0005108;$?:;?046?0005108;$
?:;?046?0005108;$

?:;?046?0005108;$?:;?046?0005108;$

?:;?046?0005108;$
?:;?046?0005108;$?:;?046?0005108;$

?:;?046?0005108;$
?:;?046?0005108;$?:;?046?0005108;$

?:;?046?0005108;$?:;?046?0005108;$

?:;?046?0005508?$?:;?146?00055080$
?:;?146?00055080$

?:;?146?0005408?$
?:;?146?0005408?$?:;?146?0005408?$

?:;?146?0005408?$?:;?146?0005408?$

?::?146?0005408>$
?::?146?0005408>$?::?146?0005408>$

?::?146?0005408>$
?::?146?0005408>$?::?146?0005408>$

?::?146?0005408>$?::?146?0005408>$
?::?146?0005408>$

?::?246?0005408?$
?::?246?0005408?$?::?246?0005408?$

?::?246?0005408?$
?::?246?0005408?$?::?246?0005408?$

?::?246?0005408?$
?::?246?0005408?$?::?346?00054080$

?::?346?00054080$
?::?346?00054080$?::?346?00054080$

?::?346?00054080$
?::?346?00054080$?::?346?00054080$

?::?346?00054080$
?::?446?00054081$?::?446?00054081$

?::?446?00054081$
?::?446?00054081$?::?446?00054081$

?::?446?00054081$
?::?446?00054081$?::?446?00054081$

?::?446?00054081$
?::?546?00054082$?::?546?00054082$

?::?546?00054082$
?::?546?00054082$?::?546?00054082$

?::?546?00054082$?::?546?00054082$

?::?546?00054082$
?::?646?00054083$
?::?646?00054083$?::?646?00054083$

?::?646?00054083$
?::?646?00054083$?::?646?00054083$

?::?646?00054083$
?::?646?00054083$?::?646?00054083$

?::?746?00054084$
?::?746?00054084$?::?746?00054084$

?::?746?00054084$
?::?746?00054084$?::?746?00054084$

?::?746?00054084$
?::?746?00054084$?::?846?00054085$

?::?846?00054085$
?::?846?00054085$?::?846?00054085$

?::?846?00054085$
?::?846?00054085$?::?846?00054085$

?::?846?00054085$?::?846?00054085$

?::?946?00054086$
?::?946?00054086$?::?946?00054086$

?::?946?00054086$?::?946?00054086$
?::?946?00054086$

?::?946?00054086$
?::?:46?00054087$?::?:46?00054087$

?::?:46?00054087$
?::?:46?00054087$?::?:46?00054087$

?::?:46?00054087$?::?:46?00054087$
?::?:46?00054087$
?::?;46?00054088$

?::?;46?00054088$
?::?;46?00054088$?::?;46?00054088$

?::?;46?00054088$?::?;46?00054088$
?::?;46?00054088$

?::?;46?00054088$
?::?;46?00054088$?::?<46?00054089$

?::?<46?00054089$
?::?<46?00054089$?::?<46?00054089$
?::?<46?00054089$

?::?<46?00054089$
?::?<46?00054089$?::?<46?00054089$

?::?=46?0005408:$
?::?=46?0005408:$?::?=46?0005408:$

?::?=46?0005408:$
?::?=46?0005408:$?::?=46?0005408:$

?::?=36?00054089$
?::?=36?00054089$?::?>36?0005408:$

?::?>36?0005408:$
?::?>36?0005408:$?::?>36?0005408:$

?::?>36?0005408:$?::?>36?0005408:$
?::?>36?0005408:$

?::??36?0005408;$
?::??36?0005408;$?::??36?0005408;$

?::??36?0005408;$
?::??36?0005408;$?::??36?0005408;$

?::??36?0005408;$
?::??36?00050087$?::??36?00050087$

?::??36?00050087$
?::??36?00050087$?::??36?00050087$

?::??36?00050087$
?::??36?00050087$?::??36?00050087$
?::??36?00050087$

?::??36?00050087$
?::??36?00050087$?::??36?00050087$

?::??36?00050087$
?::??36?00050087$?::??36?00050087$

?::??36?00050087$
?::??36?00050087$?::??36?00050087$
?::??36?00050087$

?::??36?00050087$
?::??36?00050087$?::??36?00050087$

?::??36?00050087$
?::??36?00050087$?::??36?00050087$

?::??36?00050087$
?::??36?00050087$?::??36?00050087$

?::??36?00050087$
?::??36?00050087$?::??36?00050087$

?::??36?00050087$
?::??36?00050087$?::??36?00050087$

?::??36?00050087$
?::??36?00050087$?::??36?00050087$

?::??36?00050087$
?::??36?00050087$?::??36?00050087$

?::??36?00050087$
?::??36?00050087$?::??36?00050087$

?::??36?00050087$
?::??36?00050087$?::??36?00050087$

?::??36?00050087$?::??36?00050087$
?::??36?00050087$

?::??36?00050087$
?::??36?00050087$?::??36?00050087$

?::??36?00050087$
?::??36?00050087$?::??36?00050087$

?::??36?00050087$
?::??36?00050087$?::??36?00050087$

?::??36?00050087$
?::??36?00050087$?::??36?00050087$

?::??36?00050087$?::??36?00050087$
?::??36?00050087$

?::??36?00050087$
?::??36?00050087$?::??36?00050087$

?::??36?00050087$?::??36?00050087$
?::??36?00050087$

?::??36?00050087$
?::??36?00050087$?::??36?00050087$

?::??36?00050087$
?::??36?00050087$?::??36?00050087$

?::??36?00050087$?::??36?00050087$
?::??36?00050087$

?::??36?00050087$
?::??36?00050087$?::??36?00050087$

?::??36?00050087$
?::??36?00050087$?::??36?00050087$

?::??36?00050087$
?:9??36?00050086$?:9??36?00050086$

?:9??36?00050086$
?:9??36?00050086$?:9??36?00050086$

?:9??36?00050086$
?:9??36?00050086$?:9??36?00050086$

?:9??36?00050086$
?:9??36?00050086$?:9??36?00050086$

?:9??36?00050086$
?:9??36?00050086$?:9??36?00050086$

?:9??36?00050086$
?:9??36?00050086$?:9??36?00050086$

?:9??36?00050086$
?:9??36?00050086$?:9??36?00050086$

?:9??36?00050086$?:9??36?00050086$
?:9??36?00050086$

?:9??36?00050086$
?:9??36?00050086$?:9??36?00050086$

?:9??36?00050086$
?:9??36?00050086$?:9??36?00050086$

?:9??26?00050085$
?:9??26?00050085$?:9??26?00050085$

?:9??26?00050085$
?:9??26?00050085$?:9??26?00050085$

?:9??26?00050085$
?:9??26?00050085$?:9??26?00050085$

?:9??26?00050085$
?:9??26?00050085$?:9??26?00050085$

?100=061<=1?$
?:9??26?00050085$?:9??26?00050085$

?:9?>26?00050084$
?:9?>26?00050084$?:9?>26?00050084$

?:9?>26?00050084$
?:9?>26?00050084$?:9?>26?00050084$

?:9?>26?00050084$
?:9?>26?00050084$?:9?>26?00050084$

?:9?>26?00050084$?:9?>26?00050084$

?:9?>26?00050084$
?:9?>26?00050084$
?:9?>26?00050084$?:9?>26?00050084$

?:9?>26?00050084$
?:9?>26?00050084$?:9?>26?00050084$

?:9?>26?00050084$
?:9?>26?00050084$?:9?>26?00050084$

?:9?>26?00050084$
?:9?>26?00050084$?:9?>26?00050084$

?:9?>26?00050084$?:9?>26?00050084$
?:9?>26?00050084$

?:9?>26?00050084$
?:9?>26?00050084$?:9?>26?00050084$

?:9?>26?00050084$
?:9?>26?00050084$?:9?>26?00050084$

?:9?>26?00050084$
?:9?>26?00050084$?:9?>26?00050084$

?:9?>26?00050084$
?:9?>26?00050084$?:9?>26?00050084$

?:9?>26?00050084$?:9?>26?00050084$
?:9?>26?00050084$

?:9?>26?00050084$
?:9?>26?00050084$?:9?>26?00050084$

?:9?>26?00050084$
?:9?>26?00050084$?:9?>26?00050084$

?:9?>26?00050084$?:9?>26?00050084$

?:9?>26?00050084$
?:9?>26?00050084$?:9?>26?00050084$

?:9?>26?00050084$
?:9?>26?00050084$?:9?>26?00050084$

?:9?>26?00050084$
?:9?>26?00050084$?:9?>26?00050084$

?:9?>26?00050084$
?:9?>26?00050084$?:9?>26?00050084$

?:9?>26?00050084$
?:9?>25?00050083$
?:9?>25?00050083$?:9?>25?00050083$

?:9?>25?00050083$
?:9?>25?00050083$?:9?>25?00050083$

?500=0>25?17$
?:9?>25?00050083$?:9?>25?00050083$

?:9?>25?00050083$
?:9?>25?00050083$?:9?>25?00050083$

?:9?>25?00050083$
?:9?>25?00050083$?:9?>25?00050083$

?:9?>25?00050083$?300=023=619$

?:9?>25?00050083$
?:9?>25?00050083$?:9?>25?00050083$

?:9?>25?00050083$
?:9?>25?00050083$?:9?>25?00050083$

?:9?>25?00050083$
?:9?>25?00050083$?:9?>25?00050083$

?:9?>25?00050083$
?:9?>25?00050083$?:9?>25?00050083$

?:9?>25?00050083$
?:9?>25?00050083$?:9?>25?00050083$

?:9?>25?00050083$
?:9?>25?00050083$?:9?>25?00050083$

?:9?=25?00050082$
?:9?=25?00050082$?:9?=25?00050082$

?:9?=25?00050082$
?:8?=25?00050081$?:8?=25?00050081$

?:8?=25?00050081$
?:8?=15?00050080$?:8?=15?00050080$

?:8?=15?00050080$
?:8?=15?00050080$?:8?=15?00050080$

?:8?=15?00050080$
?:8?=15?00050080$?:8?=15?00050080$

?:8?=15?00050080$
?:8?=15?00050080$?:8?=15?00050080$

?:8?=15?00050080$
?:8?=15?00050080$?:8?=15?00050080$

?:8?=15?00050080$
?:8?=15?00050080$?:8?=15?00050080$

?400=014=115$?:8?=15?00050080$
?:8?=15?00050080$

?:8?=15?00050080$
?:8?=15?00050080$?:8?=15?00050080$

?:8?=15?00050080$
?:8?=15?00050080$?:8?=15?00050080$

?:8?=15?00050080$
?:8?=15?00050080$?:8?=15?00050080$

?:8?=15?00050080$
?:8?=15?00050080$?:8?=15?00050080$

?:8?=15?00050080$?:8?=15?00050080$
?:8?=15?00050080$

?:8?=15?00050080$
?:8?=15?00050080$?:8?=15?00050080$

?:8?=15?00050080$
?:8?=15?00050080$?:8?=15?00050080$

?:8?=15?00050080$
?:8?=15?00050080$?:8?=15?00050080$

?:8?=15?00050080$
?:8?=15?00050080$?:8?=15?00050080$

?:8?=15?00050080$
?100=0;4==18$
?500=0>25?17$?400=014=115$

?400=014=115$
?:8?=15?00050080$?:8?=15?00050080$

?:8?=15?00050080$
?:8?=15?00050080$?:8?=15?00050080$

?:8?=15?00050080$
?:8?=15?00050080$?:8?=15?00050080$

?:8?=15?00050080$
?:8?=15?00050080$
?:8?=15?00050080$?:8?=15?00050080$

?:8?=15?00050080$
?:8?=15?00050080$?:8?=15?00050080$

?:8?=15?00050080$
?:8?=15?00050080$?:8?=15?00050080$

?:8?=15?00050080$?:8?=15?00050080$
?:8?=15?00050080$

?:8?=15?00050080$
?:8?=15?00050080$?:8?=15?00050080$

?:8?=15?00050080$?:8?=15?00050080$

?:8?=15?00050080$?:8?=15?00050080$

?:8?=15?00050080$
?:8?=15?00050080$?:8?=15?00050080$

?:8?=15?00050080$
?:8?=15?00050080$?:8?=15?00050080$

?:8?<15?0005008?$
?:8?<15?0005008?$?:8?<15?0005008?$

?:8?<15?0005008?$
?:8?<15?0005008?$?:8?<15?0005008?$

?:8?<15?0005008?$?:8?<15?0005008?$
?:8?<15?0005008?$

?:8?<15?0005008?$?:8?<15?0005008?$

?:8?<15?0005008?$
?:8?<15?0005008?$?:8?<15?0005008?$

?:8?<15?0005008?$
?:8?<15?0005008?$?:8?<15?0005008?$

?:8?<15?0005008?$
?:8?<15?0005008?$?:8?<15?0005008?$
?:8?<15?0005008?$
?:8?<15?0005008?$

?:8?<14?0005008>$
?:8?<14?0005008>$?:8?<14?0005008>$

?:8?<14?0005008>$
?:8?<14?0005008>$?:8?<14?0005008>$

?:8?<14?0005008>$
?:8?<14?0005008>$?:8?<14?0005008>$

?:8?<14?0005008>$?:8?<14?0005008>$
?:8?<14?0005008>$
?:8?<14?0005008>$

?:8?<14?0005008>$
?:8?<14?0005008>$?:8?<14?0005008>$

?:8?<04?0005008=$
?:8?<04?0005008=$?:8?<04?0005008=$

?:8?<04?0005008=$
?:8?<04?0005008=$?:8?<04?0005008=$

?:8?<04?0005008=$
?:8?<04?0005008=$?:8?<04?0005008=$

?:8?<04?0005008=$
?:8?<04?0005008=$
?:8?<04?0005008=$?:8?<04?0005008=$

?:8?<04?0005008=$?:8?<04?0005008=$
?:8?<04?0005008=$

?:7?<04?0005008<$
?:7?<04?0005008<$?:7?<04?0005008<$

?:7?<04?0005008<$
?:7?<04?0005008<$?:7?<04?0005008<$

?:7?<04?0005008<$
?:7?<04?0005008<$?:7?<04?0005008<$

?:7?<04?0005008<$?:7?<04?0005008<$
?:7?<04?0005008<$

?:7?<04?0005008<$
?:7?<04?0005008<$?:7?<04?0005008<$

?:7?<04?0005008<$
?:7?<04?0005008<$?:7?<04?0005008<$

?:7?<04?0005008<$
?:7?<04?0005008<$?:7?<04?0005008<$

?:7?<04?0005008<$
?:7?<14?00058085$?:7?<14?00058085$

?:7?<14?00058085$?:7?<14?00058085$
?:7?<14?00058085$

?:7?<14?00058085$
?:7?<14?00058085$?:7?<14?00058085$

?:7?<14?00058085$
?:7?<14?00058085$?:7?<14?00058085$

?:7?<14?00058085$
?:7?<14?00058085$?:7?<14?00058085$

?:7?<14?00058085$
?:7?<14?00058085$?:7?<14?00058085$

?:7?<14?00058085$?:7?<14?00058085$

?:7?<14?00058085$
?:7?<14?00058085$
?:7?<14?00058085$?:7?<14?00058085$

?:7?<14?00058085$
?:7?<14?00058085$?:7?<14?00058085$

?:7?<14?00058085$
?:7?<14?00058085$?:7?<14?00058085$

?:7?<14?00058085$
?:7?<14?00058085$?:7?<14?00058085$
?:7?<14?00058085$

?:7?<14?00058085$?:7?<14?00058085$

?:7?<14?00058085$
?:7?<14?00058085$?:7?<14?00058085$

?:7?<14?00058085$?:7?<14?00058085$
?:7?<14?00058085$

?:7?<14?00058085$
?:7?<14?00058085$?:7?<14?00058085$

?:7?<14?00058085$?:7?<14?00058085$
?:7?<14?00058085$

?:7?<14?00058085$
?:7?<14?00058085$?:7?<14?00058085$

?:7?<14?00058085$
?:7?<14?00058085$?:7?<14?00058085$

?:7?<14?00058085$
?:7?<14?00058085$?:7?<14?00058085$

?:7?<14?00058085$
?:7?<14?00058085$?:7?<14?00058085$

?:7?<14?00058085$
?:7?<14?00058085$?:7?<14?00058085$

?:7?<14?00058085$
?:7?<14?00058085$?:7?<14?00058085$

?:7?<14?00058085$
?:7?<14?00058085$?:7?<14?00058085$

?:7?<14?00058085$
?:7?<14?00058085$?:7?<14?00058085$

?:7?<14?00058085$
?:7?<14?00058085$?:7?<14?00058085$

?:7?<14?00058085$
?:7?<14?00058085$?:7?<14?00058085$

?:7?<14?00058085$
?:7?<14?00058085$?:7?<14?00058085$

?:7?<14?00058085$
?:7?<14?00058085$?:7?<14?00058085$

?:7?<14?00058085$
?:7?;14?00058084$?:7?;14?00058084$

?:7?;14?00058084$
?:7?;14?00058084$?:7?;14?00058084$

?:7?;14?00058084$?:7?;13?00058083$
?400=0193:19$

?:7?;13?00058083$?:7?;13?00058083$

?:7?;13?00058083$
?:7?;13?00058083$?:7?;13?00058083$

?500=039==19$?:7?;13?00058083$

?:7?;13?00058083$
?:7?;13?00058083$?:7?;13?00058083$

?:7?;23?00058084$
?:7?;23?00058084$?:7?;23?00058084$
?:7?;23?00058084$

?:7?;23?00058084$
?:7?;23?00058084$?:7?;23?00058084$

?:7?;23?00058084$
?:7?;33?00058085$?:7?;33?00058085$

?:7?;33?00058085$
?:7?;33?00058085$?:7?;33?00058085$

?:7?;33?00058085$
?:7?;33?00058085$?:7?;33?00058085$

?:7?;43?00058086$?:7?;43?00058086$

?:7?;43?00058086$
?:7?;43?00058086$?:7?;43?00058086$

?:7?;43?00058086$
?:7?;43?00058086$?:7?;43?00058086$

?:7?;43?00058086$?:7?;53?00058087$

?:7?;53?00058087$
?:7?;53?00058087$?300=0?99113$

?:7?;53?00058087$?:7?;53?00058087$

?:7?;53?00058087$?:7?;63?00058088$

?:7?;63?00058088$
?:7?;63?00058088$?:7?;63?00058088$

?:7?;63?00058088$
?:7?;63?00058088$?:7?;63?00058088$

?:7?;63?00058088$
?:7?;63?00058088$?:7?;73?00058089$

?:7?;73?00058089$
?:7?;73?00058089$?:7?;73?00058089$
?:7?;73?00058089$
?:7?;73?00058089$
?:7?;73?00058089$
?:7?;83?0005808:$

?:7?;83?0005808:$
?:7?;83?0005808:$?:7?;83?0005808:$

?:7?;83?0005808:$
?:7?;83?0005808:$?:7?;83?0005808:$

?:7?;83?0005808:$
?:7?;93?0005808;$?:7?;93?0005808;$

?:7?;93?0005808;$
?:7?;93?0005808;$?:7?;93?0005808;$

?:7?;93?0005808;$
?:7?;93?0005808;$?:7?;93?0005808;$

?:7?;93?0005808;$
?:7?;93?0005808;$?:7?;93?0005808;$

?:7?;:3?0005808<$
?:7?;:3?0005808<$?:7?;:3?0005808<$

?:7?;:3?0005808<$
?:7?;:3?0005808<$?:7?;:3?0005808<$

?:7?;:3?0005808<$?:7?;:3?0005808<$
?:7?;:3?0005808<$

?:7?;:3?0005808<$
?:7?;:3?0005808<$?:7?;:3?0005808<$

?:7?;:3?0005808<$
?:7?;:3?0005808<$?:7?;:3?0005808<$

?:7?;:3?0005808<$
?:7?;:3?0005808<$?:7?;:3?0005808<$

?:7?;:3?0005808<$
?:7?;:3?0005808<$?:7?;:3?0005808<$

?:7?;:3?0005808<$?:7?;:3?0005808<$
?:7?;:3?0005808<$

?:7?;:3?0005808<$?:7?;:3?0005808<$

?:7?;:3?0005808<$
?:7?;:3?0005808<$?:7?;:3?0005808<$

?:7?;:3?0005808<$
?:7?;:3?0005808<$?:7?;:3?0005808<$

?:7?::3?0005808;$
?:7?::3?0005808;$?:7?::3?0005808;$

?:7?::3?0005808;$?:7?::3?0005808;$

?:7?::3?00050083$
?:7?::3?00050083$
?:7?::3?00050083$?:7?::3?00050083$

?:7?::3?00050083$
?:7?::3?00050083$?:7?::3?00050083$

?:7?::3?00050083$?:7?::3?00050083$

?:7?::3?00050083$
?:7?::3?00050083$?:7?::3?00050083$

?:7?::3?00050083$?:7?::3?00050083$
?:7?::3?00050083$

?:7?::3?00050083$
?:7?::3?00050083$?:7?::3?00050083$

?:7?::3?00050083$
?:7?::3?00050083$?:7?::3?00050083$

?:7?::3?00050083$?:7?::3?00050083$
?:7?::3?00050083$

?:7?::3?00050083$?:7?::3?00050083$

?:7?::3?00050083$
?:7?::3?00050083$
?:7?::3?00050083$?:7?::3?00050083$

?:7?::3?00050083$?:7?::3?00050083$

?:7?::3?00050083$
?:7?::3?00050083$?:7?::3?00050083$

?:7?::3?00050083$
?:7?::3?00050083$?:7?::3?00050083$

?:7?::3?00050083$?:7?::3?00050083$
?:7?::3?00050083$

?:7?::3?00050083$
?:7?::3?00050083$?:7?::3?00050083$

